[2025-12-16 13:47:32Z INFO HostContext] No proxy settings were found based on environmental variables (http_proxy/https_proxy/HTTP_PROXY/HTTPS_PROXY)
[2025-12-16 13:47:32Z INFO HostContext] Well known directory 'Bin': 'C:\Users\Admin\ktpm-team\Backend\actions-runner\bin'
[2025-12-16 13:47:32Z INFO HostContext] Well known directory 'Root': 'C:\Users\Admin\ktpm-team\Backend\actions-runner'
[2025-12-16 13:47:32Z INFO HostContext] Well known config file 'Credentials': 'C:\Users\Admin\ktpm-team\Backend\actions-runner\.credentials'
[2025-12-16 13:47:32Z INFO HostContext] Well known directory 'Bin': 'C:\Users\Admin\ktpm-team\Backend\actions-runner\bin'
[2025-12-16 13:47:32Z INFO HostContext] Well known directory 'Root': 'C:\Users\Admin\ktpm-team\Backend\actions-runner'
[2025-12-16 13:47:32Z INFO HostContext] Well known config file 'Runner': 'C:\Users\Admin\ktpm-team\Backend\actions-runner\.runner'
[2025-12-16 13:47:32Z INFO Listener] Runner is built for Windows (X64) - win-x64.
[2025-12-16 13:47:32Z INFO Listener] RuntimeInformation: Microsoft Windows 10.0.26200.
[2025-12-16 13:47:32Z INFO Listener] Version: 2.329.0
[2025-12-16 13:47:32Z INFO Listener] Commit: c76c59996c8fa32e989164a5a695efb12608ae5a
[2025-12-16 13:47:32Z INFO Listener] Culture: en-US
[2025-12-16 13:47:32Z INFO Listener] UI Culture: en-US
[2025-12-16 13:47:32Z INFO HostContext] Well known directory 'Bin': 'C:\Users\Admin\ktpm-team\Backend\actions-runner\bin'
[2025-12-16 13:47:32Z INFO HostContext] Well known directory 'Root': 'C:\Users\Admin\ktpm-team\Backend\actions-runner'
[2025-12-16 13:47:32Z INFO Listener] Validating directory permissions for: 'C:\Users\Admin\ktpm-team\Backend\actions-runner'
[2025-12-16 13:47:32Z INFO CommandLineParser] Parse
[2025-12-16 13:47:32Z INFO CommandLineParser] Parsing 1 args
[2025-12-16 13:47:32Z INFO CommandLineParser] parsing argument
[2025-12-16 13:47:32Z INFO CommandLineParser] HasArgs: False
[2025-12-16 13:47:32Z INFO CommandLineParser] Adding Command: run
[2025-12-16 13:47:32Z INFO Listener] Arguments parsed
[2025-12-16 13:47:32Z INFO Runner] ExecuteCommand
[2025-12-16 13:47:32Z INFO ConfigurationStore] currentAssemblyLocation: C:\Users\Admin\ktpm-team\Backend\actions-runner\bin\Runner.Listener.dll
[2025-12-16 13:47:32Z INFO HostContext] Well known directory 'Bin': 'C:\Users\Admin\ktpm-team\Backend\actions-runner\bin'
[2025-12-16 13:47:32Z INFO ConfigurationStore] binPath: C:\Users\Admin\ktpm-team\Backend\actions-runner\bin
[2025-12-16 13:47:32Z INFO HostContext] Well known directory 'Bin': 'C:\Users\Admin\ktpm-team\Backend\actions-runner\bin'
[2025-12-16 13:47:32Z INFO HostContext] Well known directory 'Root': 'C:\Users\Admin\ktpm-team\Backend\actions-runner'
[2025-12-16 13:47:32Z INFO ConfigurationStore] RootFolder: C:\Users\Admin\ktpm-team\Backend\actions-runner
[2025-12-16 13:47:32Z INFO HostContext] Well known directory 'Bin': 'C:\Users\Admin\ktpm-team\Backend\actions-runner\bin'
[2025-12-16 13:47:32Z INFO HostContext] Well known directory 'Root': 'C:\Users\Admin\ktpm-team\Backend\actions-runner'
[2025-12-16 13:47:32Z INFO HostContext] Well known config file 'Runner': 'C:\Users\Admin\ktpm-team\Backend\actions-runner\.runner'
[2025-12-16 13:47:32Z INFO ConfigurationStore] ConfigFilePath: C:\Users\Admin\ktpm-team\Backend\actions-runner\.runner
[2025-12-16 13:47:32Z INFO HostContext] Well known directory 'Bin': 'C:\Users\Admin\ktpm-team\Backend\actions-runner\bin'
[2025-12-16 13:47:32Z INFO HostContext] Well known directory 'Root': 'C:\Users\Admin\ktpm-team\Backend\actions-runner'
[2025-12-16 13:47:32Z INFO HostContext] Well known config file 'MigratedRunner': 'C:\Users\Admin\ktpm-team\Backend\actions-runner\.runner_migrated'
[2025-12-16 13:47:32Z INFO ConfigurationStore] MigratedConfigFilePath: C:\Users\Admin\ktpm-team\Backend\actions-runner\.runner_migrated
[2025-12-16 13:47:32Z INFO HostContext] Well known directory 'Bin': 'C:\Users\Admin\ktpm-team\Backend\actions-runner\bin'
[2025-12-16 13:47:32Z INFO HostContext] Well known directory 'Root': 'C:\Users\Admin\ktpm-team\Backend\actions-runner'
[2025-12-16 13:47:32Z INFO HostContext] Well known config file 'Credentials': 'C:\Users\Admin\ktpm-team\Backend\actions-runner\.credentials'
[2025-12-16 13:47:32Z INFO ConfigurationStore] CredFilePath: C:\Users\Admin\ktpm-team\Backend\actions-runner\.credentials
[2025-12-16 13:47:32Z INFO HostContext] Well known directory 'Bin': 'C:\Users\Admin\ktpm-team\Backend\actions-runner\bin'
[2025-12-16 13:47:32Z INFO HostContext] Well known directory 'Root': 'C:\Users\Admin\ktpm-team\Backend\actions-runner'
[2025-12-16 13:47:32Z INFO HostContext] Well known config file 'MigratedCredentials': 'C:\Users\Admin\ktpm-team\Backend\actions-runner\.credentials_migrated'
[2025-12-16 13:47:32Z INFO ConfigurationStore] MigratedCredFilePath: C:\Users\Admin\ktpm-team\Backend\actions-runner\.credentials_migrated
[2025-12-16 13:47:32Z INFO HostContext] Well known directory 'Bin': 'C:\Users\Admin\ktpm-team\Backend\actions-runner\bin'
[2025-12-16 13:47:32Z INFO HostContext] Well known directory 'Root': 'C:\Users\Admin\ktpm-team\Backend\actions-runner'
[2025-12-16 13:47:32Z INFO HostContext] Well known config file 'Service': 'C:\Users\Admin\ktpm-team\Backend\actions-runner\.service'
[2025-12-16 13:47:32Z INFO ConfigurationStore] ServiceConfigFilePath: C:\Users\Admin\ktpm-team\Backend\actions-runner\.service
[2025-12-16 13:47:32Z INFO CommandSettings] Flag 'help': 'False'
[2025-12-16 13:47:32Z INFO CommandSettings] Flag 'version': 'False'
[2025-12-16 13:47:32Z INFO CommandSettings] Flag 'commit': 'False'
[2025-12-16 13:47:32Z INFO CommandSettings] Flag 'check': 'False'
[2025-12-16 13:47:32Z INFO CommandSettings] Command 'configure': 'False'
[2025-12-16 13:47:32Z INFO CommandSettings] Command 'remove': 'False'
[2025-12-16 13:47:32Z INFO CommandSettings] Command 'warmup': 'False'
[2025-12-16 13:47:32Z INFO ConfigurationManager] LoadSettings
[2025-12-16 13:47:32Z INFO ConfigurationStore] IsConfigured()
[2025-12-16 13:47:32Z INFO ConfigurationStore] IsConfigured: True
[2025-12-16 13:47:32Z INFO ConfigurationManager] Is configured: True
[2025-12-16 13:47:32Z INFO ConfigurationStore] Read setting file: 394 chars
[2025-12-16 13:47:32Z INFO ConfigurationManager] Settings Loaded
[2025-12-16 13:47:32Z INFO ConfigurationStore] IsServiceConfigured()
[2025-12-16 13:47:32Z INFO ConfigurationStore] IsServiceConfigured: False
[2025-12-16 13:47:32Z INFO CommandSettings] Command 'run': 'True'
[2025-12-16 13:47:32Z INFO ConfigurationStore] IsConfigured()
[2025-12-16 13:47:32Z INFO ConfigurationStore] IsConfigured: True
[2025-12-16 13:47:32Z INFO ConfigurationManager] Is configured: True
[2025-12-16 13:47:32Z INFO Runner] Could not parse the argument value '' for StartupType. Defaulting to Manual
[2025-12-16 13:47:32Z INFO Runner] Set runner startup type - Manual
[2025-12-16 13:47:32Z INFO CommandSettings] Flag 'once': 'False'
[2025-12-16 13:47:32Z INFO CommandSettings] Flag 'once': 'False'
[2025-12-16 13:47:32Z INFO Runner] RunAsync
[2025-12-16 13:47:32Z INFO ConfigurationManager] LoadMigratedSettings
[2025-12-16 13:47:32Z INFO ConfigurationStore] IsMigratedConfigured()
[2025-12-16 13:47:32Z INFO ConfigurationStore] IsMigratedConfigured: False
[2025-12-16 13:47:32Z INFO Runner] Failed to load migrated settings: No migrated configuration found.
[2025-12-16 13:47:32Z INFO Runner] Falling back to original .runner settings
[2025-12-16 13:47:32Z INFO Runner] Using BrokerMessageListener
[2025-12-16 13:47:32Z INFO BrokerMessageListener] Using provided settings
[2025-12-16 13:47:32Z INFO BrokerMessageListener] {
  "AgentId": 2,
  "AgentName": "DESKTOP-4EP6G8K",
  "PoolId": 1,
  "PoolName": "Default",
  "ServerUrl": "https://pipelinesghubeus6.actions.githubusercontent.com/u4fiL54833awRnKxXeDDc9itEIe0G5mrB3XcCAiLTe8r0kZOXN/",
  "GitHubUrl": "https://github.com/haolor/ktpm-team",
  "WorkFolder": "_work",
  "UseV2Flow": true,
  "ServerUrlV2": "https://broker.actions.githubusercontent.com/"
}
[2025-12-16 13:47:32Z INFO BrokerMessageListener] Loading Credentials
[2025-12-16 13:47:32Z INFO ConfigurationStore] HasCredentials()
[2025-12-16 13:47:32Z INFO ConfigurationStore] stored True
[2025-12-16 13:47:32Z INFO CredentialManager] GetCredentialProvider
[2025-12-16 13:47:32Z INFO CredentialManager] Creating type OAuth
[2025-12-16 13:47:32Z INFO CredentialManager] Creating credential type: OAuth
[2025-12-16 13:47:32Z INFO HostContext] Well known directory 'Bin': 'C:\Users\Admin\ktpm-team\Backend\actions-runner\bin'
[2025-12-16 13:47:32Z INFO HostContext] Well known directory 'Root': 'C:\Users\Admin\ktpm-team\Backend\actions-runner'
[2025-12-16 13:47:32Z INFO HostContext] Well known config file 'RSACredentials': 'C:\Users\Admin\ktpm-team\Backend\actions-runner\.credentials_rsaparams'
[2025-12-16 13:47:32Z INFO RSAEncryptedFileKeyManager] Loading RSA key parameters from file C:\Users\Admin\ktpm-team\Backend\actions-runner\.credentials_rsaparams
[2025-12-16 13:47:32Z INFO BrokerMessageListener] Attempt to create session.
[2025-12-16 13:47:32Z INFO BrokerMessageListener] Connecting to the Broker Server...
[2025-12-16 13:47:32Z INFO ConfigurationStore] HasCredentials()
[2025-12-16 13:47:32Z INFO ConfigurationStore] stored True
[2025-12-16 13:47:32Z INFO CredentialManager] GetCredentialProvider
[2025-12-16 13:47:32Z INFO CredentialManager] Creating type OAuth
[2025-12-16 13:47:32Z INFO CredentialManager] Creating credential type: OAuth
[2025-12-16 13:47:32Z INFO RSAEncryptedFileKeyManager] Loading RSA key parameters from file C:\Users\Admin\ktpm-team\Backend\actions-runner\.credentials_rsaparams
[2025-12-16 13:47:32Z INFO BrokerMessageListener] VssConnection created
[2025-12-16 13:47:32Z INFO BrokerMessageListener] Connecting to the Runner server...
[2025-12-16 13:47:32Z INFO RunnerServer] EstablishVssConnection
[2025-12-16 13:47:32Z INFO RunnerServer] Establish connection with 100 seconds timeout.
[2025-12-16 13:47:32Z INFO GitHubActionsService] Starting operation Location.GetConnectionData
[2025-12-16 13:47:32Z INFO RunnerServer] EstablishVssConnection
[2025-12-16 13:47:32Z INFO RunnerServer] Establish connection with 60 seconds timeout.
[2025-12-16 13:47:32Z INFO GitHubActionsService] Starting operation Location.GetConnectionData
[2025-12-16 13:47:32Z INFO RunnerServer] EstablishVssConnection
[2025-12-16 13:47:32Z INFO RunnerServer] Establish connection with 60 seconds timeout.
[2025-12-16 13:47:32Z INFO GitHubActionsService] Starting operation Location.GetConnectionData
[2025-12-16 13:47:33Z INFO GitHubActionsService] Finished operation Location.GetConnectionData
[2025-12-16 13:47:33Z INFO GitHubActionsService] Finished operation Location.GetConnectionData
[2025-12-16 13:47:34Z INFO GitHubActionsService] Finished operation Location.GetConnectionData
[2025-12-16 13:47:34Z INFO BrokerMessageListener] VssConnection created
[2025-12-16 13:47:34Z INFO Terminal] WRITE LINE: 
[2025-12-16 13:47:34Z INFO Terminal] WRITE LINE: 
[2025-12-16 13:47:34Z INFO RSAEncryptedFileKeyManager] Loading RSA key parameters from file C:\Users\Admin\ktpm-team\Backend\actions-runner\.credentials_rsaparams
[2025-12-16 13:47:34Z INFO RSAEncryptedFileKeyManager] Loading RSA key parameters from file C:\Users\Admin\ktpm-team\Backend\actions-runner\.credentials_rsaparams
[2025-12-16 13:47:35Z INFO GitHubActionsService] AAD Correlation ID for this token request: Unknown
[2025-12-16 13:47:36Z INFO BrokerMessageListener] Session created.
[2025-12-16 13:47:36Z INFO Terminal] WRITE LINE: Current runner version: '2.329.0'
[2025-12-16 13:47:36Z INFO Terminal] WRITE LINE: 2025-12-16 13:47:36Z: Listening for Jobs
[2025-12-16 13:47:36Z INFO JobDispatcher] Set runner/worker IPC timeout to 30 seconds.
[2025-12-16 13:59:40Z INFO BrokerMessageListener] Acknowledging runner request 'cb282f7a-5ac2-5279-903b-41011fc54f0c'.
[2025-12-16 13:59:40Z INFO ConfigurationStore] HasCredentials()
[2025-12-16 13:59:40Z INFO ConfigurationStore] stored True
[2025-12-16 13:59:40Z INFO CredentialManager] GetCredentialProvider
[2025-12-16 13:59:40Z INFO CredentialManager] Creating type OAuth
[2025-12-16 13:59:40Z INFO CredentialManager] Creating credential type: OAuth
[2025-12-16 13:59:40Z INFO RSAEncryptedFileKeyManager] Loading RSA key parameters from file C:\Users\Admin\ktpm-team\Backend\actions-runner\.credentials_rsaparams
[2025-12-16 13:59:40Z INFO RSAEncryptedFileKeyManager] Loading RSA key parameters from file C:\Users\Admin\ktpm-team\Backend\actions-runner\.credentials_rsaparams
[2025-12-16 13:59:40Z INFO RSAEncryptedFileKeyManager] Loading RSA key parameters from file C:\Users\Admin\ktpm-team\Backend\actions-runner\.credentials_rsaparams
[2025-12-16 13:59:42Z INFO GitHubActionsService] AAD Correlation ID for this token request: Unknown
[2025-12-16 13:59:43Z INFO JobDispatcher] Job request 0 for plan 7411ef15-6e68-4fba-a93e-1537106e245c job cb282f7a-5ac2-5279-903b-41011fc54f0c received.
[2025-12-16 13:59:43Z INFO JobDispatcher] Pull OrchestrationId 7411ef15-6e68-4fba-a93e-1537106e245c.deploy.__default from JWT claims
[2025-12-16 13:59:43Z INFO BrokerMessageListener] Received job status event. JobState: Busy
[2025-12-16 13:59:43Z INFO BrokerMessageListener] _getMessagesTokenSource is already disposed.
[2025-12-16 13:59:43Z INFO Terminal] WRITE LINE: 2025-12-16 13:59:43Z: Running job: deploy
[2025-12-16 13:59:43Z INFO JobDispatcher] Start renew job request 0 for job cb282f7a-5ac2-5279-903b-41011fc54f0c.
[2025-12-16 13:59:44Z INFO JobDispatcher] Successfully renew job cb282f7a-5ac2-5279-903b-41011fc54f0c, job is valid till 12/16/2025 2:09:41 PM
[2025-12-16 13:59:44Z INFO HostContext] Well known directory 'Bin': 'C:\Users\Admin\ktpm-team\Backend\actions-runner\bin'
[2025-12-16 13:59:44Z INFO ProcessInvokerWrapper] Starting process:
[2025-12-16 13:59:44Z INFO ProcessInvokerWrapper]   File name: 'C:\Users\Admin\ktpm-team\Backend\actions-runner\bin\Runner.Worker.exe'
[2025-12-16 13:59:44Z INFO ProcessInvokerWrapper]   Arguments: 'spawnclient 2408 2420'
[2025-12-16 13:59:44Z INFO ProcessInvokerWrapper]   Working directory: 'C:\Users\Admin\ktpm-team\Backend\actions-runner\bin'
[2025-12-16 13:59:44Z INFO ProcessInvokerWrapper]   Require exit code zero: 'False'
[2025-12-16 13:59:44Z INFO ProcessInvokerWrapper]   Encoding web name:  ; code page: ''
[2025-12-16 13:59:44Z INFO ProcessInvokerWrapper]   Force kill process on cancellation: 'True'
[2025-12-16 13:59:44Z INFO ProcessInvokerWrapper]   Redirected STDIN: 'False'
[2025-12-16 13:59:44Z INFO ProcessInvokerWrapper]   Persist current code page: 'False'
[2025-12-16 13:59:44Z INFO ProcessInvokerWrapper]   Keep redirected STDIN open: 'False'
[2025-12-16 13:59:44Z INFO ProcessInvokerWrapper]   High priority process: 'True'
[2025-12-16 13:59:44Z INFO ProcessInvokerWrapper] Process started with process id 25272, waiting for process exit.
[2025-12-16 13:59:44Z INFO JobDispatcher] Send job request message to worker for job cb282f7a-5ac2-5279-903b-41011fc54f0c.
[2025-12-16 13:59:44Z INFO ProcessChannel] Sending message of length 16463, with hash '1dd896e51a0bf05dfe5e1db02d48d9d0deb9b17fad2a1adb3c6d5d5ae51804e0'
[2025-12-16 13:59:44Z INFO JobNotification] Entering JobStarted Notification
[2025-12-16 13:59:44Z INFO JobNotification] Entering StartMonitor
[2025-12-16 13:59:52Z INFO ProcessInvokerWrapper] STDOUT/STDERR stream read finished.
[2025-12-16 13:59:52Z INFO ProcessInvokerWrapper] STDOUT/STDERR stream read finished.
[2025-12-16 13:59:52Z INFO ProcessInvokerWrapper] Finished process 25272 with exit code 102, and elapsed time 00:00:07.7496500.
[2025-12-16 13:59:52Z INFO JobDispatcher] Worker finished for job cb282f7a-5ac2-5279-903b-41011fc54f0c. Code: 102
[2025-12-16 13:59:52Z INFO JobDispatcher] finish job request for job cb282f7a-5ac2-5279-903b-41011fc54f0c with result: Failed
[2025-12-16 13:59:52Z INFO Terminal] WRITE LINE: 2025-12-16 13:59:52Z: Job deploy completed with result: Failed
[2025-12-16 13:59:52Z INFO JobDispatcher] Stop renew job request for job cb282f7a-5ac2-5279-903b-41011fc54f0c.
[2025-12-16 13:59:52Z INFO JobDispatcher] job renew has been cancelled, stop renew job cb282f7a-5ac2-5279-903b-41011fc54f0c.
[2025-12-16 13:59:52Z INFO JobNotification] Entering JobCompleted Notification
[2025-12-16 13:59:52Z INFO JobNotification] Entering EndMonitor
[2025-12-16 13:59:52Z INFO BrokerMessageListener] Received job status event. JobState: Online
[2025-12-16 13:59:52Z WARN GitHubActionsService] GET request to https://broker.actions.githubusercontent.com/message?sessionId=9c2abb52-00f5-49f9-8dbd-f0bd722a0335&status=Busy&runnerVersion=2.329.0&os=Windows&architecture=X64&disableUpdate=false has been cancelled.
[2025-12-16 13:59:52Z ERR  BrokerServer] Catch exception during request
[2025-12-16 13:59:52Z ERR  BrokerServer] System.Threading.Tasks.TaskCanceledException: The operation was canceled.
 ---> System.Threading.Tasks.TaskCanceledException: The operation was canceled.
 ---> System.IO.IOException: Unable to read data from the transport connection: The I/O operation has been aborted because of either a thread exit or an application request..
 ---> System.Net.Sockets.SocketException (995): The I/O operation has been aborted because of either a thread exit or an application request.
   --- End of inner exception stack trace ---
   at System.Net.Sockets.Socket.AwaitableSocketAsyncEventArgs.ThrowException(SocketError error, CancellationToken cancellationToken)
   at System.Net.Sockets.Socket.AwaitableSocketAsyncEventArgs.System.Threading.Tasks.Sources.IValueTaskSource<System.Int32>.GetResult(Int16 token)
   at System.Net.Security.SslStream.EnsureFullTlsFrameAsync[TIOAdapter](CancellationToken cancellationToken, Int32 estimatedSize)
   at System.Runtime.CompilerServices.PoolingAsyncValueTaskMethodBuilder`1.StateMachineBox`1.System.Threading.Tasks.Sources.IValueTaskSource<TResult>.GetResult(Int16 token)
   at System.Net.Security.SslStream.ReadAsyncInternal[TIOAdapter](Memory`1 buffer, CancellationToken cancellationToken)
   at System.Runtime.CompilerServices.PoolingAsyncValueTaskMethodBuilder`1.StateMachineBox`1.System.Threading.Tasks.Sources.IValueTaskSource<TResult>.GetResult(Int16 token)
   at System.Net.Http.HttpConnection.SendAsync(HttpRequestMessage request, Boolean async, CancellationToken cancellationToken)
   --- End of inner exception stack trace ---
   at System.Net.Http.HttpConnection.SendAsync(HttpRequestMessage request, Boolean async, CancellationToken cancellationToken)
   at System.Net.Http.AuthenticationHelper.SendWithNtAuthAsync(HttpRequestMessage request, Uri authUri, Boolean async, ICredentials credentials, Boolean isProxyAuth, HttpConnection connection, HttpConnectionPool connectionPool, CancellationToken cancellationToken)
   at System.Net.Http.HttpConnectionPool.SendWithVersionDetectionAndRetryAsync(HttpRequestMessage request, Boolean async, Boolean doRequestAuth, CancellationToken cancellationToken)
   at System.Net.Http.AuthenticationHelper.SendWithAuthAsync(HttpRequestMessage request, Uri authUri, Boolean async, ICredentials credentials, Boolean preAuthenticate, Boolean isProxyAuth, Boolean doRequestAuth, HttpConnectionPool pool, CancellationToken cancellationToken)
   at System.Net.Http.RedirectHandler.SendAsync(HttpRequestMessage request, Boolean async, CancellationToken cancellationToken)
   at GitHub.Services.Common.RawHttpMessageHandler.SendAsync(HttpRequestMessage request, CancellationToken cancellationToken)
   at GitHub.Services.Common.VssHttpRetryMessageHandler.SendAsync(HttpRequestMessage request, CancellationToken cancellationToken)
   at System.Net.Http.HttpClient.<SendAsync>g__Core|83_0(HttpRequestMessage request, HttpCompletionOption completionOption, CancellationTokenSource cts, Boolean disposeCts, CancellationTokenSource pendingRequestsCts, CancellationToken originalCancellationToken)
   --- End of inner exception stack trace ---
   at System.Net.Http.HttpClient.HandleFailure(Exception e, Boolean telemetryStarted, HttpResponseMessage response, CancellationTokenSource cts, CancellationToken cancellationToken, CancellationTokenSource pendingRequestsCts)
   at System.Net.Http.HttpClient.<SendAsync>g__Core|83_0(HttpRequestMessage request, HttpCompletionOption completionOption, CancellationTokenSource cts, Boolean disposeCts, CancellationTokenSource pendingRequestsCts, CancellationToken originalCancellationToken)
   at Sdk.WebApi.WebApi.RawHttpClientBase.SendAsync(HttpRequestMessage message, HttpCompletionOption completionOption, Object userState, CancellationToken cancellationToken)
   at Sdk.WebApi.WebApi.RawHttpClientBase.SendAsync[T](HttpRequestMessage message, Boolean readErrorBody, Object userState, CancellationToken cancellationToken)
   at Sdk.WebApi.WebApi.RawHttpClientBase.SendAsync[T](HttpMethod method, IEnumerable`1 additionalHeaders, Uri requestUri, HttpContent content, IEnumerable`1 queryParameters, Boolean readErrorBody, Object userState, CancellationToken cancellationToken)
   at GitHub.Actions.RunService.WebApi.BrokerHttpClient.GetRunnerMessageAsync(Nullable`1 sessionId, String runnerVersion, Nullable`1 status, String os, String architecture, Nullable`1 disableUpdate, CancellationToken cancellationToken)
   at GitHub.Runner.Common.BrokerServer.<>c__DisplayClass7_0.<<GetRunnerMessageAsync>b__0>d.MoveNext()
--- End of stack trace from previous location ---
   at GitHub.Runner.Common.RunnerService.RetryRequest[T](Func`1 func, CancellationToken cancellationToken, Int32 maxAttempts, Func`2 shouldRetry)
[2025-12-16 13:59:52Z ERR  BrokerServer] #####################################################
[2025-12-16 13:59:52Z ERR  BrokerServer] System.Threading.Tasks.TaskCanceledException: The operation was canceled.
 ---> System.IO.IOException: Unable to read data from the transport connection: The I/O operation has been aborted because of either a thread exit or an application request..
 ---> System.Net.Sockets.SocketException (995): The I/O operation has been aborted because of either a thread exit or an application request.
   --- End of inner exception stack trace ---
   at System.Net.Sockets.Socket.AwaitableSocketAsyncEventArgs.ThrowException(SocketError error, CancellationToken cancellationToken)
   at System.Net.Sockets.Socket.AwaitableSocketAsyncEventArgs.System.Threading.Tasks.Sources.IValueTaskSource<System.Int32>.GetResult(Int16 token)
   at System.Net.Security.SslStream.EnsureFullTlsFrameAsync[TIOAdapter](CancellationToken cancellationToken, Int32 estimatedSize)
   at System.Runtime.CompilerServices.PoolingAsyncValueTaskMethodBuilder`1.StateMachineBox`1.System.Threading.Tasks.Sources.IValueTaskSource<TResult>.GetResult(Int16 token)
   at System.Net.Security.SslStream.ReadAsyncInternal[TIOAdapter](Memory`1 buffer, CancellationToken cancellationToken)
   at System.Runtime.CompilerServices.PoolingAsyncValueTaskMethodBuilder`1.StateMachineBox`1.System.Threading.Tasks.Sources.IValueTaskSource<TResult>.GetResult(Int16 token)
   at System.Net.Http.HttpConnection.SendAsync(HttpRequestMessage request, Boolean async, CancellationToken cancellationToken)
   --- End of inner exception stack trace ---
   at System.Net.Http.HttpConnection.SendAsync(HttpRequestMessage request, Boolean async, CancellationToken cancellationToken)
   at System.Net.Http.AuthenticationHelper.SendWithNtAuthAsync(HttpRequestMessage request, Uri authUri, Boolean async, ICredentials credentials, Boolean isProxyAuth, HttpConnection connection, HttpConnectionPool connectionPool, CancellationToken cancellationToken)
   at System.Net.Http.HttpConnectionPool.SendWithVersionDetectionAndRetryAsync(HttpRequestMessage request, Boolean async, Boolean doRequestAuth, CancellationToken cancellationToken)
   at System.Net.Http.AuthenticationHelper.SendWithAuthAsync(HttpRequestMessage request, Uri authUri, Boolean async, ICredentials credentials, Boolean preAuthenticate, Boolean isProxyAuth, Boolean doRequestAuth, HttpConnectionPool pool, CancellationToken cancellationToken)
   at System.Net.Http.RedirectHandler.SendAsync(HttpRequestMessage request, Boolean async, CancellationToken cancellationToken)
   at GitHub.Services.Common.RawHttpMessageHandler.SendAsync(HttpRequestMessage request, CancellationToken cancellationToken)
   at GitHub.Services.Common.VssHttpRetryMessageHandler.SendAsync(HttpRequestMessage request, CancellationToken cancellationToken)
   at System.Net.Http.HttpClient.<SendAsync>g__Core|83_0(HttpRequestMessage request, HttpCompletionOption completionOption, CancellationTokenSource cts, Boolean disposeCts, CancellationTokenSource pendingRequestsCts, CancellationToken originalCancellationToken)
[2025-12-16 13:59:52Z ERR  BrokerServer] #####################################################
[2025-12-16 13:59:52Z ERR  BrokerServer] System.IO.IOException: Unable to read data from the transport connection: The I/O operation has been aborted because of either a thread exit or an application request..
 ---> System.Net.Sockets.SocketException (995): The I/O operation has been aborted because of either a thread exit or an application request.
   --- End of inner exception stack trace ---
   at System.Net.Sockets.Socket.AwaitableSocketAsyncEventArgs.ThrowException(SocketError error, CancellationToken cancellationToken)
   at System.Net.Sockets.Socket.AwaitableSocketAsyncEventArgs.System.Threading.Tasks.Sources.IValueTaskSource<System.Int32>.GetResult(Int16 token)
   at System.Net.Security.SslStream.EnsureFullTlsFrameAsync[TIOAdapter](CancellationToken cancellationToken, Int32 estimatedSize)
   at System.Runtime.CompilerServices.PoolingAsyncValueTaskMethodBuilder`1.StateMachineBox`1.System.Threading.Tasks.Sources.IValueTaskSource<TResult>.GetResult(Int16 token)
   at System.Net.Security.SslStream.ReadAsyncInternal[TIOAdapter](Memory`1 buffer, CancellationToken cancellationToken)
   at System.Runtime.CompilerServices.PoolingAsyncValueTaskMethodBuilder`1.StateMachineBox`1.System.Threading.Tasks.Sources.IValueTaskSource<TResult>.GetResult(Int16 token)
   at System.Net.Http.HttpConnection.SendAsync(HttpRequestMessage request, Boolean async, CancellationToken cancellationToken)
[2025-12-16 13:59:52Z ERR  BrokerServer] #####################################################
[2025-12-16 13:59:52Z ERR  BrokerServer] System.Net.Sockets.SocketException (995): The I/O operation has been aborted because of either a thread exit or an application request.
[2025-12-16 13:59:52Z WARN BrokerServer] Back off 14.198 seconds before next retry. 4 attempt left.
[2025-12-16 13:59:52Z INFO BrokerMessageListener] Get messages has been cancelled using local token source. Continue to get messages with new status.
[2025-12-16 14:01:22Z INFO BrokerMessageListener] Acknowledging runner request 'cd4d1879-da9f-519b-bb3b-00f83782ddc6'.
[2025-12-16 14:01:22Z INFO ConfigurationStore] HasCredentials()
[2025-12-16 14:01:22Z INFO ConfigurationStore] stored True
[2025-12-16 14:01:22Z INFO CredentialManager] GetCredentialProvider
[2025-12-16 14:01:22Z INFO CredentialManager] Creating type OAuth
[2025-12-16 14:01:22Z INFO CredentialManager] Creating credential type: OAuth
[2025-12-16 14:01:22Z INFO RSAEncryptedFileKeyManager] Loading RSA key parameters from file C:\Users\Admin\ktpm-team\Backend\actions-runner\.credentials_rsaparams
[2025-12-16 14:01:22Z INFO RSAEncryptedFileKeyManager] Loading RSA key parameters from file C:\Users\Admin\ktpm-team\Backend\actions-runner\.credentials_rsaparams
[2025-12-16 14:01:22Z INFO RSAEncryptedFileKeyManager] Loading RSA key parameters from file C:\Users\Admin\ktpm-team\Backend\actions-runner\.credentials_rsaparams
[2025-12-16 14:01:23Z INFO GitHubActionsService] AAD Correlation ID for this token request: Unknown
[2025-12-16 14:01:25Z INFO JobDispatcher] Job request 0 for plan e1cc5977-21f1-402c-a0b2-85a7fbfb3ccb job cd4d1879-da9f-519b-bb3b-00f83782ddc6 received.
[2025-12-16 14:01:25Z INFO JobDispatcher] Pull OrchestrationId e1cc5977-21f1-402c-a0b2-85a7fbfb3ccb.deploy.__default from JWT claims
[2025-12-16 14:01:25Z INFO BrokerMessageListener] Received job status event. JobState: Busy
[2025-12-16 14:01:25Z INFO BrokerMessageListener] _getMessagesTokenSource is already disposed.
[2025-12-16 14:01:25Z INFO JobDispatcher] Job request cb282f7a-5ac2-5279-903b-41011fc54f0c processed succeed.
[2025-12-16 14:01:25Z INFO Terminal] WRITE LINE: 2025-12-16 14:01:25Z: Running job: deploy
[2025-12-16 14:01:25Z INFO JobDispatcher] Start renew job request 0 for job cd4d1879-da9f-519b-bb3b-00f83782ddc6.
[2025-12-16 14:01:26Z INFO JobDispatcher] Successfully renew job cd4d1879-da9f-519b-bb3b-00f83782ddc6, job is valid till 12/16/2025 2:11:22 PM
[2025-12-16 14:01:26Z INFO HostContext] Well known directory 'Bin': 'C:\Users\Admin\ktpm-team\Backend\actions-runner\bin'
[2025-12-16 14:01:26Z INFO ProcessInvokerWrapper] Starting process:
[2025-12-16 14:01:26Z INFO ProcessInvokerWrapper]   File name: 'C:\Users\Admin\ktpm-team\Backend\actions-runner\bin\Runner.Worker.exe'
[2025-12-16 14:01:26Z INFO ProcessInvokerWrapper]   Arguments: 'spawnclient 2596 2644'
[2025-12-16 14:01:26Z INFO ProcessInvokerWrapper]   Working directory: 'C:\Users\Admin\ktpm-team\Backend\actions-runner\bin'
[2025-12-16 14:01:26Z INFO ProcessInvokerWrapper]   Require exit code zero: 'False'
[2025-12-16 14:01:26Z INFO ProcessInvokerWrapper]   Encoding web name:  ; code page: ''
[2025-12-16 14:01:26Z INFO ProcessInvokerWrapper]   Force kill process on cancellation: 'True'
[2025-12-16 14:01:26Z INFO ProcessInvokerWrapper]   Redirected STDIN: 'False'
[2025-12-16 14:01:26Z INFO ProcessInvokerWrapper]   Persist current code page: 'False'
[2025-12-16 14:01:26Z INFO ProcessInvokerWrapper]   Keep redirected STDIN open: 'False'
[2025-12-16 14:01:26Z INFO ProcessInvokerWrapper]   High priority process: 'True'
[2025-12-16 14:01:26Z INFO ProcessInvokerWrapper] Process started with process id 3076, waiting for process exit.
[2025-12-16 14:01:26Z INFO JobDispatcher] Send job request message to worker for job cd4d1879-da9f-519b-bb3b-00f83782ddc6.
[2025-12-16 14:01:26Z INFO ProcessChannel] Sending message of length 16459, with hash '63327e8f05185927d323100a6899cf3cd64e9a57b223bbe7bf7571c5b2069fd1'
[2025-12-16 14:01:26Z INFO JobNotification] Entering JobStarted Notification
[2025-12-16 14:01:26Z INFO JobNotification] Entering StartMonitor
[2025-12-16 14:01:43Z INFO ProcessInvokerWrapper] STDOUT/STDERR stream read finished.
[2025-12-16 14:01:43Z INFO ProcessInvokerWrapper] STDOUT/STDERR stream read finished.
[2025-12-16 14:01:43Z INFO ProcessInvokerWrapper] Finished process 3076 with exit code 102, and elapsed time 00:00:17.4145747.
[2025-12-16 14:01:43Z INFO JobDispatcher] Worker finished for job cd4d1879-da9f-519b-bb3b-00f83782ddc6. Code: 102
[2025-12-16 14:01:43Z INFO JobDispatcher] finish job request for job cd4d1879-da9f-519b-bb3b-00f83782ddc6 with result: Failed
[2025-12-16 14:01:43Z INFO Terminal] WRITE LINE: 2025-12-16 14:01:43Z: Job deploy completed with result: Failed
[2025-12-16 14:01:43Z INFO JobDispatcher] Stop renew job request for job cd4d1879-da9f-519b-bb3b-00f83782ddc6.
[2025-12-16 14:01:43Z INFO JobDispatcher] job renew has been cancelled, stop renew job cd4d1879-da9f-519b-bb3b-00f83782ddc6.
[2025-12-16 14:01:43Z INFO JobNotification] Entering JobCompleted Notification
[2025-12-16 14:01:43Z INFO JobNotification] Entering EndMonitor
[2025-12-16 14:01:43Z INFO BrokerMessageListener] Received job status event. JobState: Online
[2025-12-16 14:01:43Z WARN GitHubActionsService] GET request to https://broker.actions.githubusercontent.com/message?sessionId=9c2abb52-00f5-49f9-8dbd-f0bd722a0335&status=Busy&runnerVersion=2.329.0&os=Windows&architecture=X64&disableUpdate=false has been cancelled.
[2025-12-16 14:01:43Z ERR  BrokerServer] Catch exception during request
[2025-12-16 14:01:43Z ERR  BrokerServer] System.Threading.Tasks.TaskCanceledException: The operation was canceled.
 ---> System.Threading.Tasks.TaskCanceledException: The operation was canceled.
 ---> System.IO.IOException: Unable to read data from the transport connection: The I/O operation has been aborted because of either a thread exit or an application request..
 ---> System.Net.Sockets.SocketException (995): The I/O operation has been aborted because of either a thread exit or an application request.
   --- End of inner exception stack trace ---
   at System.Net.Sockets.Socket.AwaitableSocketAsyncEventArgs.System.Threading.Tasks.Sources.IValueTaskSource<System.Int32>.GetResult(Int16 token)
   at System.Net.Security.SslStream.EnsureFullTlsFrameAsync[TIOAdapter](CancellationToken cancellationToken, Int32 estimatedSize)
   at System.Runtime.CompilerServices.PoolingAsyncValueTaskMethodBuilder`1.StateMachineBox`1.System.Threading.Tasks.Sources.IValueTaskSource<TResult>.GetResult(Int16 token)
   at System.Net.Security.SslStream.ReadAsyncInternal[TIOAdapter](Memory`1 buffer, CancellationToken cancellationToken)
   at System.Runtime.CompilerServices.PoolingAsyncValueTaskMethodBuilder`1.StateMachineBox`1.System.Threading.Tasks.Sources.IValueTaskSource<TResult>.GetResult(Int16 token)
   at System.Net.Http.HttpConnection.SendAsync(HttpRequestMessage request, Boolean async, CancellationToken cancellationToken)
   --- End of inner exception stack trace ---
   at System.Net.Http.HttpConnection.SendAsync(HttpRequestMessage request, Boolean async, CancellationToken cancellationToken)
   at System.Net.Http.AuthenticationHelper.SendWithNtAuthAsync(HttpRequestMessage request, Uri authUri, Boolean async, ICredentials credentials, Boolean isProxyAuth, HttpConnection connection, HttpConnectionPool connectionPool, CancellationToken cancellationToken)
   at System.Net.Http.HttpConnectionPool.SendWithVersionDetectionAndRetryAsync(HttpRequestMessage request, Boolean async, Boolean doRequestAuth, CancellationToken cancellationToken)
   at System.Net.Http.AuthenticationHelper.SendWithAuthAsync(HttpRequestMessage request, Uri authUri, Boolean async, ICredentials credentials, Boolean preAuthenticate, Boolean isProxyAuth, Boolean doRequestAuth, HttpConnectionPool pool, CancellationToken cancellationToken)
   at System.Net.Http.RedirectHandler.SendAsync(HttpRequestMessage request, Boolean async, CancellationToken cancellationToken)
   at GitHub.Services.Common.RawHttpMessageHandler.SendAsync(HttpRequestMessage request, CancellationToken cancellationToken)
   at GitHub.Services.Common.VssHttpRetryMessageHandler.SendAsync(HttpRequestMessage request, CancellationToken cancellationToken)
   at System.Net.Http.HttpClient.<SendAsync>g__Core|83_0(HttpRequestMessage request, HttpCompletionOption completionOption, CancellationTokenSource cts, Boolean disposeCts, CancellationTokenSource pendingRequestsCts, CancellationToken originalCancellationToken)
   --- End of inner exception stack trace ---
   at System.Net.Http.HttpClient.HandleFailure(Exception e, Boolean telemetryStarted, HttpResponseMessage response, CancellationTokenSource cts, CancellationToken cancellationToken, CancellationTokenSource pendingRequestsCts)
   at System.Net.Http.HttpClient.<SendAsync>g__Core|83_0(HttpRequestMessage request, HttpCompletionOption completionOption, CancellationTokenSource cts, Boolean disposeCts, CancellationTokenSource pendingRequestsCts, CancellationToken originalCancellationToken)
   at Sdk.WebApi.WebApi.RawHttpClientBase.SendAsync(HttpRequestMessage message, HttpCompletionOption completionOption, Object userState, CancellationToken cancellationToken)
   at Sdk.WebApi.WebApi.RawHttpClientBase.SendAsync[T](HttpRequestMessage message, Boolean readErrorBody, Object userState, CancellationToken cancellationToken)
   at Sdk.WebApi.WebApi.RawHttpClientBase.SendAsync[T](HttpMethod method, IEnumerable`1 additionalHeaders, Uri requestUri, HttpContent content, IEnumerable`1 queryParameters, Boolean readErrorBody, Object userState, CancellationToken cancellationToken)
   at GitHub.Actions.RunService.WebApi.BrokerHttpClient.GetRunnerMessageAsync(Nullable`1 sessionId, String runnerVersion, Nullable`1 status, String os, String architecture, Nullable`1 disableUpdate, CancellationToken cancellationToken)
   at GitHub.Runner.Common.BrokerServer.<>c__DisplayClass7_0.<<GetRunnerMessageAsync>b__0>d.MoveNext()
--- End of stack trace from previous location ---
   at GitHub.Runner.Common.RunnerService.RetryRequest[T](Func`1 func, CancellationToken cancellationToken, Int32 maxAttempts, Func`2 shouldRetry)
[2025-12-16 14:01:43Z ERR  BrokerServer] #####################################################
[2025-12-16 14:01:43Z ERR  BrokerServer] System.Threading.Tasks.TaskCanceledException: The operation was canceled.
 ---> System.IO.IOException: Unable to read data from the transport connection: The I/O operation has been aborted because of either a thread exit or an application request..
 ---> System.Net.Sockets.SocketException (995): The I/O operation has been aborted because of either a thread exit or an application request.
   --- End of inner exception stack trace ---
   at System.Net.Sockets.Socket.AwaitableSocketAsyncEventArgs.System.Threading.Tasks.Sources.IValueTaskSource<System.Int32>.GetResult(Int16 token)
   at System.Net.Security.SslStream.EnsureFullTlsFrameAsync[TIOAdapter](CancellationToken cancellationToken, Int32 estimatedSize)
   at System.Runtime.CompilerServices.PoolingAsyncValueTaskMethodBuilder`1.StateMachineBox`1.System.Threading.Tasks.Sources.IValueTaskSource<TResult>.GetResult(Int16 token)
   at System.Net.Security.SslStream.ReadAsyncInternal[TIOAdapter](Memory`1 buffer, CancellationToken cancellationToken)
   at System.Runtime.CompilerServices.PoolingAsyncValueTaskMethodBuilder`1.StateMachineBox`1.System.Threading.Tasks.Sources.IValueTaskSource<TResult>.GetResult(Int16 token)
   at System.Net.Http.HttpConnection.SendAsync(HttpRequestMessage request, Boolean async, CancellationToken cancellationToken)
   --- End of inner exception stack trace ---
   at System.Net.Http.HttpConnection.SendAsync(HttpRequestMessage request, Boolean async, CancellationToken cancellationToken)
   at System.Net.Http.AuthenticationHelper.SendWithNtAuthAsync(HttpRequestMessage request, Uri authUri, Boolean async, ICredentials credentials, Boolean isProxyAuth, HttpConnection connection, HttpConnectionPool connectionPool, CancellationToken cancellationToken)
   at System.Net.Http.HttpConnectionPool.SendWithVersionDetectionAndRetryAsync(HttpRequestMessage request, Boolean async, Boolean doRequestAuth, CancellationToken cancellationToken)
   at System.Net.Http.AuthenticationHelper.SendWithAuthAsync(HttpRequestMessage request, Uri authUri, Boolean async, ICredentials credentials, Boolean preAuthenticate, Boolean isProxyAuth, Boolean doRequestAuth, HttpConnectionPool pool, CancellationToken cancellationToken)
   at System.Net.Http.RedirectHandler.SendAsync(HttpRequestMessage request, Boolean async, CancellationToken cancellationToken)
   at GitHub.Services.Common.RawHttpMessageHandler.SendAsync(HttpRequestMessage request, CancellationToken cancellationToken)
   at GitHub.Services.Common.VssHttpRetryMessageHandler.SendAsync(HttpRequestMessage request, CancellationToken cancellationToken)
   at System.Net.Http.HttpClient.<SendAsync>g__Core|83_0(HttpRequestMessage request, HttpCompletionOption completionOption, CancellationTokenSource cts, Boolean disposeCts, CancellationTokenSource pendingRequestsCts, CancellationToken originalCancellationToken)
[2025-12-16 14:01:43Z ERR  BrokerServer] #####################################################
[2025-12-16 14:01:43Z ERR  BrokerServer] System.IO.IOException: Unable to read data from the transport connection: The I/O operation has been aborted because of either a thread exit or an application request..
 ---> System.Net.Sockets.SocketException (995): The I/O operation has been aborted because of either a thread exit or an application request.
   --- End of inner exception stack trace ---
   at System.Net.Sockets.Socket.AwaitableSocketAsyncEventArgs.System.Threading.Tasks.Sources.IValueTaskSource<System.Int32>.GetResult(Int16 token)
   at System.Net.Security.SslStream.EnsureFullTlsFrameAsync[TIOAdapter](CancellationToken cancellationToken, Int32 estimatedSize)
   at System.Runtime.CompilerServices.PoolingAsyncValueTaskMethodBuilder`1.StateMachineBox`1.System.Threading.Tasks.Sources.IValueTaskSource<TResult>.GetResult(Int16 token)
   at System.Net.Security.SslStream.ReadAsyncInternal[TIOAdapter](Memory`1 buffer, CancellationToken cancellationToken)
   at System.Runtime.CompilerServices.PoolingAsyncValueTaskMethodBuilder`1.StateMachineBox`1.System.Threading.Tasks.Sources.IValueTaskSource<TResult>.GetResult(Int16 token)
   at System.Net.Http.HttpConnection.SendAsync(HttpRequestMessage request, Boolean async, CancellationToken cancellationToken)
[2025-12-16 14:01:43Z ERR  BrokerServer] #####################################################
[2025-12-16 14:01:43Z ERR  BrokerServer] System.Net.Sockets.SocketException (995): The I/O operation has been aborted because of either a thread exit or an application request.
[2025-12-16 14:01:43Z WARN BrokerServer] Back off 10.77 seconds before next retry. 4 attempt left.
[2025-12-16 14:01:43Z INFO BrokerMessageListener] Get messages has been cancelled using local token source. Continue to get messages with new status.
[2025-12-16 14:03:05Z INFO BrokerMessageListener] Acknowledging runner request '63a1f4b0-24df-5317-9f9f-dc5d70f16653'.
[2025-12-16 14:03:06Z INFO ConfigurationStore] HasCredentials()
[2025-12-16 14:03:06Z INFO ConfigurationStore] stored True
[2025-12-16 14:03:06Z INFO CredentialManager] GetCredentialProvider
[2025-12-16 14:03:06Z INFO CredentialManager] Creating type OAuth
[2025-12-16 14:03:06Z INFO CredentialManager] Creating credential type: OAuth
[2025-12-16 14:03:06Z INFO RSAEncryptedFileKeyManager] Loading RSA key parameters from file C:\Users\Admin\ktpm-team\Backend\actions-runner\.credentials_rsaparams
[2025-12-16 14:03:06Z INFO RSAEncryptedFileKeyManager] Loading RSA key parameters from file C:\Users\Admin\ktpm-team\Backend\actions-runner\.credentials_rsaparams
[2025-12-16 14:03:06Z INFO RSAEncryptedFileKeyManager] Loading RSA key parameters from file C:\Users\Admin\ktpm-team\Backend\actions-runner\.credentials_rsaparams
[2025-12-16 14:03:07Z INFO GitHubActionsService] AAD Correlation ID for this token request: Unknown
[2025-12-16 14:03:08Z INFO JobDispatcher] Job request 0 for plan 88fb9c85-010b-4762-bb6e-dd8350813189 job 63a1f4b0-24df-5317-9f9f-dc5d70f16653 received.
[2025-12-16 14:03:08Z INFO JobDispatcher] Pull OrchestrationId 88fb9c85-010b-4762-bb6e-dd8350813189.deploy.__default from JWT claims
[2025-12-16 14:03:08Z INFO BrokerMessageListener] Received job status event. JobState: Busy
[2025-12-16 14:03:08Z INFO BrokerMessageListener] _getMessagesTokenSource is already disposed.
[2025-12-16 14:03:08Z INFO JobDispatcher] Job request cd4d1879-da9f-519b-bb3b-00f83782ddc6 processed succeed.
[2025-12-16 14:03:08Z INFO Terminal] WRITE LINE: 2025-12-16 14:03:08Z: Running job: deploy
[2025-12-16 14:03:08Z INFO JobDispatcher] Start renew job request 0 for job 63a1f4b0-24df-5317-9f9f-dc5d70f16653.
[2025-12-16 14:03:09Z INFO JobDispatcher] Successfully renew job 63a1f4b0-24df-5317-9f9f-dc5d70f16653, job is valid till 12/16/2025 2:13:06 PM
[2025-12-16 14:03:09Z INFO HostContext] Well known directory 'Bin': 'C:\Users\Admin\ktpm-team\Backend\actions-runner\bin'
[2025-12-16 14:03:09Z INFO ProcessInvokerWrapper] Starting process:
[2025-12-16 14:03:09Z INFO ProcessInvokerWrapper]   File name: 'C:\Users\Admin\ktpm-team\Backend\actions-runner\bin\Runner.Worker.exe'
[2025-12-16 14:03:09Z INFO ProcessInvokerWrapper]   Arguments: 'spawnclient 2452 2440'
[2025-12-16 14:03:09Z INFO ProcessInvokerWrapper]   Working directory: 'C:\Users\Admin\ktpm-team\Backend\actions-runner\bin'
[2025-12-16 14:03:09Z INFO ProcessInvokerWrapper]   Require exit code zero: 'False'
[2025-12-16 14:03:09Z INFO ProcessInvokerWrapper]   Encoding web name:  ; code page: ''
[2025-12-16 14:03:09Z INFO ProcessInvokerWrapper]   Force kill process on cancellation: 'True'
[2025-12-16 14:03:09Z INFO ProcessInvokerWrapper]   Redirected STDIN: 'False'
[2025-12-16 14:03:09Z INFO ProcessInvokerWrapper]   Persist current code page: 'False'
[2025-12-16 14:03:09Z INFO ProcessInvokerWrapper]   Keep redirected STDIN open: 'False'
[2025-12-16 14:03:09Z INFO ProcessInvokerWrapper]   High priority process: 'True'
[2025-12-16 14:03:09Z INFO ProcessInvokerWrapper] Process started with process id 33972, waiting for process exit.
[2025-12-16 14:03:09Z INFO JobDispatcher] Send job request message to worker for job 63a1f4b0-24df-5317-9f9f-dc5d70f16653.
[2025-12-16 14:03:09Z INFO ProcessChannel] Sending message of length 16458, with hash 'b1a42ffa8e51ef092d147726747fc9e8864055bbcd33ab0757d5a3d0cafd7624'
[2025-12-16 14:03:10Z INFO JobNotification] Entering JobStarted Notification
[2025-12-16 14:03:10Z INFO JobNotification] Entering StartMonitor
[2025-12-16 14:03:24Z INFO ProcessInvokerWrapper] STDOUT/STDERR stream read finished.
[2025-12-16 14:03:24Z INFO ProcessInvokerWrapper] STDOUT/STDERR stream read finished.
[2025-12-16 14:03:24Z INFO ProcessInvokerWrapper] Finished process 33972 with exit code 102, and elapsed time 00:00:14.6449251.
[2025-12-16 14:03:24Z INFO JobDispatcher] Worker finished for job 63a1f4b0-24df-5317-9f9f-dc5d70f16653. Code: 102
[2025-12-16 14:03:24Z INFO JobDispatcher] finish job request for job 63a1f4b0-24df-5317-9f9f-dc5d70f16653 with result: Failed
[2025-12-16 14:03:24Z INFO Terminal] WRITE LINE: 2025-12-16 14:03:24Z: Job deploy completed with result: Failed
[2025-12-16 14:03:24Z INFO JobDispatcher] Stop renew job request for job 63a1f4b0-24df-5317-9f9f-dc5d70f16653.
[2025-12-16 14:03:24Z INFO JobDispatcher] job renew has been cancelled, stop renew job 63a1f4b0-24df-5317-9f9f-dc5d70f16653.
[2025-12-16 14:03:24Z INFO JobNotification] Entering JobCompleted Notification
[2025-12-16 14:03:24Z INFO JobNotification] Entering EndMonitor
[2025-12-16 14:03:24Z INFO BrokerMessageListener] Received job status event. JobState: Online
[2025-12-16 14:03:24Z WARN GitHubActionsService] GET request to https://broker.actions.githubusercontent.com/message?sessionId=9c2abb52-00f5-49f9-8dbd-f0bd722a0335&status=Busy&runnerVersion=2.329.0&os=Windows&architecture=X64&disableUpdate=false has been cancelled.
[2025-12-16 14:03:24Z ERR  BrokerServer] Catch exception during request
[2025-12-16 14:03:24Z ERR  BrokerServer] System.Threading.Tasks.TaskCanceledException: The operation was canceled.
 ---> System.Threading.Tasks.TaskCanceledException: The operation was canceled.
 ---> System.IO.IOException: Unable to read data from the transport connection: The I/O operation has been aborted because of either a thread exit or an application request..
 ---> System.Net.Sockets.SocketException (995): The I/O operation has been aborted because of either a thread exit or an application request.
   --- End of inner exception stack trace ---
   at System.Net.Sockets.Socket.AwaitableSocketAsyncEventArgs.System.Threading.Tasks.Sources.IValueTaskSource<System.Int32>.GetResult(Int16 token)
   at System.Net.Security.SslStream.EnsureFullTlsFrameAsync[TIOAdapter](CancellationToken cancellationToken, Int32 estimatedSize)
   at System.Runtime.CompilerServices.PoolingAsyncValueTaskMethodBuilder`1.StateMachineBox`1.System.Threading.Tasks.Sources.IValueTaskSource<TResult>.GetResult(Int16 token)
   at System.Net.Security.SslStream.ReadAsyncInternal[TIOAdapter](Memory`1 buffer, CancellationToken cancellationToken)
   at System.Runtime.CompilerServices.PoolingAsyncValueTaskMethodBuilder`1.StateMachineBox`1.System.Threading.Tasks.Sources.IValueTaskSource<TResult>.GetResult(Int16 token)
   at System.Net.Http.HttpConnection.SendAsync(HttpRequestMessage request, Boolean async, CancellationToken cancellationToken)
   --- End of inner exception stack trace ---
   at System.Net.Http.HttpConnection.SendAsync(HttpRequestMessage request, Boolean async, CancellationToken cancellationToken)
   at System.Net.Http.AuthenticationHelper.SendWithNtAuthAsync(HttpRequestMessage request, Uri authUri, Boolean async, ICredentials credentials, Boolean isProxyAuth, HttpConnection connection, HttpConnectionPool connectionPool, CancellationToken cancellationToken)
   at System.Net.Http.HttpConnectionPool.SendWithVersionDetectionAndRetryAsync(HttpRequestMessage request, Boolean async, Boolean doRequestAuth, CancellationToken cancellationToken)
   at System.Net.Http.AuthenticationHelper.SendWithAuthAsync(HttpRequestMessage request, Uri authUri, Boolean async, ICredentials credentials, Boolean preAuthenticate, Boolean isProxyAuth, Boolean doRequestAuth, HttpConnectionPool pool, CancellationToken cancellationToken)
   at System.Net.Http.RedirectHandler.SendAsync(HttpRequestMessage request, Boolean async, CancellationToken cancellationToken)
   at GitHub.Services.Common.RawHttpMessageHandler.SendAsync(HttpRequestMessage request, CancellationToken cancellationToken)
   at GitHub.Services.Common.VssHttpRetryMessageHandler.SendAsync(HttpRequestMessage request, CancellationToken cancellationToken)
   at System.Net.Http.HttpClient.<SendAsync>g__Core|83_0(HttpRequestMessage request, HttpCompletionOption completionOption, CancellationTokenSource cts, Boolean disposeCts, CancellationTokenSource pendingRequestsCts, CancellationToken originalCancellationToken)
   --- End of inner exception stack trace ---
   at System.Net.Http.HttpClient.HandleFailure(Exception e, Boolean telemetryStarted, HttpResponseMessage response, CancellationTokenSource cts, CancellationToken cancellationToken, CancellationTokenSource pendingRequestsCts)
   at System.Net.Http.HttpClient.<SendAsync>g__Core|83_0(HttpRequestMessage request, HttpCompletionOption completionOption, CancellationTokenSource cts, Boolean disposeCts, CancellationTokenSource pendingRequestsCts, CancellationToken originalCancellationToken)
   at Sdk.WebApi.WebApi.RawHttpClientBase.SendAsync(HttpRequestMessage message, HttpCompletionOption completionOption, Object userState, CancellationToken cancellationToken)
   at Sdk.WebApi.WebApi.RawHttpClientBase.SendAsync[T](HttpRequestMessage message, Boolean readErrorBody, Object userState, CancellationToken cancellationToken)
   at Sdk.WebApi.WebApi.RawHttpClientBase.SendAsync[T](HttpMethod method, IEnumerable`1 additionalHeaders, Uri requestUri, HttpContent content, IEnumerable`1 queryParameters, Boolean readErrorBody, Object userState, CancellationToken cancellationToken)
   at GitHub.Actions.RunService.WebApi.BrokerHttpClient.GetRunnerMessageAsync(Nullable`1 sessionId, String runnerVersion, Nullable`1 status, String os, String architecture, Nullable`1 disableUpdate, CancellationToken cancellationToken)
   at GitHub.Runner.Common.BrokerServer.<>c__DisplayClass7_0.<<GetRunnerMessageAsync>b__0>d.MoveNext()
--- End of stack trace from previous location ---
   at GitHub.Runner.Common.RunnerService.RetryRequest[T](Func`1 func, CancellationToken cancellationToken, Int32 maxAttempts, Func`2 shouldRetry)
[2025-12-16 14:03:24Z ERR  BrokerServer] #####################################################
[2025-12-16 14:03:24Z ERR  BrokerServer] System.Threading.Tasks.TaskCanceledException: The operation was canceled.
 ---> System.IO.IOException: Unable to read data from the transport connection: The I/O operation has been aborted because of either a thread exit or an application request..
 ---> System.Net.Sockets.SocketException (995): The I/O operation has been aborted because of either a thread exit or an application request.
   --- End of inner exception stack trace ---
   at System.Net.Sockets.Socket.AwaitableSocketAsyncEventArgs.System.Threading.Tasks.Sources.IValueTaskSource<System.Int32>.GetResult(Int16 token)
   at System.Net.Security.SslStream.EnsureFullTlsFrameAsync[TIOAdapter](CancellationToken cancellationToken, Int32 estimatedSize)
   at System.Runtime.CompilerServices.PoolingAsyncValueTaskMethodBuilder`1.StateMachineBox`1.System.Threading.Tasks.Sources.IValueTaskSource<TResult>.GetResult(Int16 token)
   at System.Net.Security.SslStream.ReadAsyncInternal[TIOAdapter](Memory`1 buffer, CancellationToken cancellationToken)
   at System.Runtime.CompilerServices.PoolingAsyncValueTaskMethodBuilder`1.StateMachineBox`1.System.Threading.Tasks.Sources.IValueTaskSource<TResult>.GetResult(Int16 token)
   at System.Net.Http.HttpConnection.SendAsync(HttpRequestMessage request, Boolean async, CancellationToken cancellationToken)
   --- End of inner exception stack trace ---
   at System.Net.Http.HttpConnection.SendAsync(HttpRequestMessage request, Boolean async, CancellationToken cancellationToken)
   at System.Net.Http.AuthenticationHelper.SendWithNtAuthAsync(HttpRequestMessage request, Uri authUri, Boolean async, ICredentials credentials, Boolean isProxyAuth, HttpConnection connection, HttpConnectionPool connectionPool, CancellationToken cancellationToken)
   at System.Net.Http.HttpConnectionPool.SendWithVersionDetectionAndRetryAsync(HttpRequestMessage request, Boolean async, Boolean doRequestAuth, CancellationToken cancellationToken)
   at System.Net.Http.AuthenticationHelper.SendWithAuthAsync(HttpRequestMessage request, Uri authUri, Boolean async, ICredentials credentials, Boolean preAuthenticate, Boolean isProxyAuth, Boolean doRequestAuth, HttpConnectionPool pool, CancellationToken cancellationToken)
   at System.Net.Http.RedirectHandler.SendAsync(HttpRequestMessage request, Boolean async, CancellationToken cancellationToken)
   at GitHub.Services.Common.RawHttpMessageHandler.SendAsync(HttpRequestMessage request, CancellationToken cancellationToken)
   at GitHub.Services.Common.VssHttpRetryMessageHandler.SendAsync(HttpRequestMessage request, CancellationToken cancellationToken)
   at System.Net.Http.HttpClient.<SendAsync>g__Core|83_0(HttpRequestMessage request, HttpCompletionOption completionOption, CancellationTokenSource cts, Boolean disposeCts, CancellationTokenSource pendingRequestsCts, CancellationToken originalCancellationToken)
[2025-12-16 14:03:24Z ERR  BrokerServer] #####################################################
[2025-12-16 14:03:24Z ERR  BrokerServer] System.IO.IOException: Unable to read data from the transport connection: The I/O operation has been aborted because of either a thread exit or an application request..
 ---> System.Net.Sockets.SocketException (995): The I/O operation has been aborted because of either a thread exit or an application request.
   --- End of inner exception stack trace ---
   at System.Net.Sockets.Socket.AwaitableSocketAsyncEventArgs.System.Threading.Tasks.Sources.IValueTaskSource<System.Int32>.GetResult(Int16 token)
   at System.Net.Security.SslStream.EnsureFullTlsFrameAsync[TIOAdapter](CancellationToken cancellationToken, Int32 estimatedSize)
   at System.Runtime.CompilerServices.PoolingAsyncValueTaskMethodBuilder`1.StateMachineBox`1.System.Threading.Tasks.Sources.IValueTaskSource<TResult>.GetResult(Int16 token)
   at System.Net.Security.SslStream.ReadAsyncInternal[TIOAdapter](Memory`1 buffer, CancellationToken cancellationToken)
   at System.Runtime.CompilerServices.PoolingAsyncValueTaskMethodBuilder`1.StateMachineBox`1.System.Threading.Tasks.Sources.IValueTaskSource<TResult>.GetResult(Int16 token)
   at System.Net.Http.HttpConnection.SendAsync(HttpRequestMessage request, Boolean async, CancellationToken cancellationToken)
[2025-12-16 14:03:24Z ERR  BrokerServer] #####################################################
[2025-12-16 14:03:24Z ERR  BrokerServer] System.Net.Sockets.SocketException (995): The I/O operation has been aborted because of either a thread exit or an application request.
[2025-12-16 14:03:24Z WARN BrokerServer] Back off 14.762 seconds before next retry. 4 attempt left.
[2025-12-16 14:03:24Z INFO BrokerMessageListener] Get messages has been cancelled using local token source. Continue to get messages with new status.
[2025-12-16 14:03:36Z INFO BrokerMessageListener] Acknowledging runner request '842eacb1-e0c3-51fd-b7b7-0d963ea843b6'.
[2025-12-16 14:03:36Z INFO ConfigurationStore] HasCredentials()
[2025-12-16 14:03:36Z INFO ConfigurationStore] stored True
[2025-12-16 14:03:36Z INFO CredentialManager] GetCredentialProvider
[2025-12-16 14:03:36Z INFO CredentialManager] Creating type OAuth
[2025-12-16 14:03:36Z INFO CredentialManager] Creating credential type: OAuth
[2025-12-16 14:03:36Z INFO RSAEncryptedFileKeyManager] Loading RSA key parameters from file C:\Users\Admin\ktpm-team\Backend\actions-runner\.credentials_rsaparams
[2025-12-16 14:03:36Z INFO RSAEncryptedFileKeyManager] Loading RSA key parameters from file C:\Users\Admin\ktpm-team\Backend\actions-runner\.credentials_rsaparams
[2025-12-16 14:03:36Z INFO RSAEncryptedFileKeyManager] Loading RSA key parameters from file C:\Users\Admin\ktpm-team\Backend\actions-runner\.credentials_rsaparams
[2025-12-16 14:03:37Z INFO GitHubActionsService] AAD Correlation ID for this token request: Unknown
[2025-12-16 14:03:39Z INFO JobDispatcher] Job request 0 for plan 5031e627-63f2-4cc5-89a3-bc41414a8a62 job 842eacb1-e0c3-51fd-b7b7-0d963ea843b6 received.
[2025-12-16 14:03:39Z INFO JobDispatcher] Pull OrchestrationId 5031e627-63f2-4cc5-89a3-bc41414a8a62.deploy.__default from JWT claims
[2025-12-16 14:03:39Z INFO BrokerMessageListener] Received job status event. JobState: Busy
[2025-12-16 14:03:39Z INFO BrokerMessageListener] _getMessagesTokenSource is already disposed.
[2025-12-16 14:03:39Z INFO JobDispatcher] Job request 63a1f4b0-24df-5317-9f9f-dc5d70f16653 processed succeed.
[2025-12-16 14:03:39Z INFO Terminal] WRITE LINE: 2025-12-16 14:03:39Z: Running job: deploy
[2025-12-16 14:03:39Z INFO JobDispatcher] Start renew job request 0 for job 842eacb1-e0c3-51fd-b7b7-0d963ea843b6.
[2025-12-16 14:03:40Z INFO JobDispatcher] Successfully renew job 842eacb1-e0c3-51fd-b7b7-0d963ea843b6, job is valid till 12/16/2025 2:13:36 PM
[2025-12-16 14:03:40Z INFO HostContext] Well known directory 'Bin': 'C:\Users\Admin\ktpm-team\Backend\actions-runner\bin'
[2025-12-16 14:03:40Z INFO ProcessInvokerWrapper] Starting process:
[2025-12-16 14:03:40Z INFO ProcessInvokerWrapper]   File name: 'C:\Users\Admin\ktpm-team\Backend\actions-runner\bin\Runner.Worker.exe'
[2025-12-16 14:03:40Z INFO ProcessInvokerWrapper]   Arguments: 'spawnclient 2600 2828'
[2025-12-16 14:03:40Z INFO ProcessInvokerWrapper]   Working directory: 'C:\Users\Admin\ktpm-team\Backend\actions-runner\bin'
[2025-12-16 14:03:40Z INFO ProcessInvokerWrapper]   Require exit code zero: 'False'
[2025-12-16 14:03:40Z INFO ProcessInvokerWrapper]   Encoding web name:  ; code page: ''
[2025-12-16 14:03:40Z INFO ProcessInvokerWrapper]   Force kill process on cancellation: 'True'
[2025-12-16 14:03:40Z INFO ProcessInvokerWrapper]   Redirected STDIN: 'False'
[2025-12-16 14:03:40Z INFO ProcessInvokerWrapper]   Persist current code page: 'False'
[2025-12-16 14:03:40Z INFO ProcessInvokerWrapper]   Keep redirected STDIN open: 'False'
[2025-12-16 14:03:40Z INFO ProcessInvokerWrapper]   High priority process: 'True'
[2025-12-16 14:03:40Z INFO ProcessInvokerWrapper] Process started with process id 20956, waiting for process exit.
[2025-12-16 14:03:40Z INFO JobDispatcher] Send job request message to worker for job 842eacb1-e0c3-51fd-b7b7-0d963ea843b6.
[2025-12-16 14:03:40Z INFO ProcessChannel] Sending message of length 16516, with hash 'b286d61eb7a58fb20efb09b9fd5cacd9ca15f46e7b7bfb44293381fa92897130'
[2025-12-16 14:03:40Z INFO JobNotification] Entering JobStarted Notification
[2025-12-16 14:03:40Z INFO JobNotification] Entering StartMonitor
[2025-12-16 14:03:50Z INFO ProcessInvokerWrapper] STDOUT/STDERR stream read finished.
[2025-12-16 14:03:50Z INFO ProcessInvokerWrapper] STDOUT/STDERR stream read finished.
[2025-12-16 14:03:50Z INFO ProcessInvokerWrapper] Finished process 20956 with exit code 100, and elapsed time 00:00:10.3029010.
[2025-12-16 14:03:50Z INFO JobDispatcher] Worker finished for job 842eacb1-e0c3-51fd-b7b7-0d963ea843b6. Code: 100
[2025-12-16 14:03:50Z INFO JobDispatcher] finish job request for job 842eacb1-e0c3-51fd-b7b7-0d963ea843b6 with result: Succeeded
[2025-12-16 14:03:50Z INFO Terminal] WRITE LINE: 2025-12-16 14:03:50Z: Job deploy completed with result: Succeeded
[2025-12-16 14:03:50Z INFO JobDispatcher] Stop renew job request for job 842eacb1-e0c3-51fd-b7b7-0d963ea843b6.
[2025-12-16 14:03:50Z INFO JobDispatcher] job renew has been cancelled, stop renew job 842eacb1-e0c3-51fd-b7b7-0d963ea843b6.
[2025-12-16 14:03:50Z INFO JobNotification] Entering JobCompleted Notification
[2025-12-16 14:03:50Z INFO JobNotification] Entering EndMonitor
[2025-12-16 14:03:50Z INFO BrokerMessageListener] Received job status event. JobState: Online
[2025-12-16 14:03:50Z WARN GitHubActionsService] GET request to https://broker.actions.githubusercontent.com/message?sessionId=9c2abb52-00f5-49f9-8dbd-f0bd722a0335&status=Busy&runnerVersion=2.329.0&os=Windows&architecture=X64&disableUpdate=false has been cancelled.
[2025-12-16 14:03:50Z ERR  BrokerServer] Catch exception during request
[2025-12-16 14:03:50Z ERR  BrokerServer] System.Threading.Tasks.TaskCanceledException: The operation was canceled.
 ---> System.Threading.Tasks.TaskCanceledException: The operation was canceled.
 ---> System.IO.IOException: Unable to read data from the transport connection: The I/O operation has been aborted because of either a thread exit or an application request..
 ---> System.Net.Sockets.SocketException (995): The I/O operation has been aborted because of either a thread exit or an application request.
   --- End of inner exception stack trace ---
   at System.Net.Sockets.Socket.AwaitableSocketAsyncEventArgs.System.Threading.Tasks.Sources.IValueTaskSource<System.Int32>.GetResult(Int16 token)
   at System.Net.Security.SslStream.EnsureFullTlsFrameAsync[TIOAdapter](CancellationToken cancellationToken, Int32 estimatedSize)
   at System.Runtime.CompilerServices.PoolingAsyncValueTaskMethodBuilder`1.StateMachineBox`1.System.Threading.Tasks.Sources.IValueTaskSource<TResult>.GetResult(Int16 token)
   at System.Net.Security.SslStream.ReadAsyncInternal[TIOAdapter](Memory`1 buffer, CancellationToken cancellationToken)
   at System.Runtime.CompilerServices.PoolingAsyncValueTaskMethodBuilder`1.StateMachineBox`1.System.Threading.Tasks.Sources.IValueTaskSource<TResult>.GetResult(Int16 token)
   at System.Net.Http.HttpConnection.SendAsync(HttpRequestMessage request, Boolean async, CancellationToken cancellationToken)
   --- End of inner exception stack trace ---
   at System.Net.Http.HttpConnection.SendAsync(HttpRequestMessage request, Boolean async, CancellationToken cancellationToken)
   at System.Net.Http.AuthenticationHelper.SendWithNtAuthAsync(HttpRequestMessage request, Uri authUri, Boolean async, ICredentials credentials, Boolean isProxyAuth, HttpConnection connection, HttpConnectionPool connectionPool, CancellationToken cancellationToken)
   at System.Net.Http.HttpConnectionPool.SendWithVersionDetectionAndRetryAsync(HttpRequestMessage request, Boolean async, Boolean doRequestAuth, CancellationToken cancellationToken)
   at System.Net.Http.AuthenticationHelper.SendWithAuthAsync(HttpRequestMessage request, Uri authUri, Boolean async, ICredentials credentials, Boolean preAuthenticate, Boolean isProxyAuth, Boolean doRequestAuth, HttpConnectionPool pool, CancellationToken cancellationToken)
   at System.Net.Http.RedirectHandler.SendAsync(HttpRequestMessage request, Boolean async, CancellationToken cancellationToken)
   at GitHub.Services.Common.RawHttpMessageHandler.SendAsync(HttpRequestMessage request, CancellationToken cancellationToken)
   at GitHub.Services.Common.VssHttpRetryMessageHandler.SendAsync(HttpRequestMessage request, CancellationToken cancellationToken)
   at System.Net.Http.HttpClient.<SendAsync>g__Core|83_0(HttpRequestMessage request, HttpCompletionOption completionOption, CancellationTokenSource cts, Boolean disposeCts, CancellationTokenSource pendingRequestsCts, CancellationToken originalCancellationToken)
   --- End of inner exception stack trace ---
   at System.Net.Http.HttpClient.HandleFailure(Exception e, Boolean telemetryStarted, HttpResponseMessage response, CancellationTokenSource cts, CancellationToken cancellationToken, CancellationTokenSource pendingRequestsCts)
   at System.Net.Http.HttpClient.<SendAsync>g__Core|83_0(HttpRequestMessage request, HttpCompletionOption completionOption, CancellationTokenSource cts, Boolean disposeCts, CancellationTokenSource pendingRequestsCts, CancellationToken originalCancellationToken)
   at Sdk.WebApi.WebApi.RawHttpClientBase.SendAsync(HttpRequestMessage message, HttpCompletionOption completionOption, Object userState, CancellationToken cancellationToken)
   at Sdk.WebApi.WebApi.RawHttpClientBase.SendAsync[T](HttpRequestMessage message, Boolean readErrorBody, Object userState, CancellationToken cancellationToken)
   at Sdk.WebApi.WebApi.RawHttpClientBase.SendAsync[T](HttpMethod method, IEnumerable`1 additionalHeaders, Uri requestUri, HttpContent content, IEnumerable`1 queryParameters, Boolean readErrorBody, Object userState, CancellationToken cancellationToken)
   at GitHub.Actions.RunService.WebApi.BrokerHttpClient.GetRunnerMessageAsync(Nullable`1 sessionId, String runnerVersion, Nullable`1 status, String os, String architecture, Nullable`1 disableUpdate, CancellationToken cancellationToken)
   at GitHub.Runner.Common.BrokerServer.<>c__DisplayClass7_0.<<GetRunnerMessageAsync>b__0>d.MoveNext()
--- End of stack trace from previous location ---
   at GitHub.Runner.Common.RunnerService.RetryRequest[T](Func`1 func, CancellationToken cancellationToken, Int32 maxAttempts, Func`2 shouldRetry)
[2025-12-16 14:03:50Z ERR  BrokerServer] #####################################################
[2025-12-16 14:03:50Z ERR  BrokerServer] System.Threading.Tasks.TaskCanceledException: The operation was canceled.
 ---> System.IO.IOException: Unable to read data from the transport connection: The I/O operation has been aborted because of either a thread exit or an application request..
 ---> System.Net.Sockets.SocketException (995): The I/O operation has been aborted because of either a thread exit or an application request.
   --- End of inner exception stack trace ---
   at System.Net.Sockets.Socket.AwaitableSocketAsyncEventArgs.System.Threading.Tasks.Sources.IValueTaskSource<System.Int32>.GetResult(Int16 token)
   at System.Net.Security.SslStream.EnsureFullTlsFrameAsync[TIOAdapter](CancellationToken cancellationToken, Int32 estimatedSize)
   at System.Runtime.CompilerServices.PoolingAsyncValueTaskMethodBuilder`1.StateMachineBox`1.System.Threading.Tasks.Sources.IValueTaskSource<TResult>.GetResult(Int16 token)
   at System.Net.Security.SslStream.ReadAsyncInternal[TIOAdapter](Memory`1 buffer, CancellationToken cancellationToken)
   at System.Runtime.CompilerServices.PoolingAsyncValueTaskMethodBuilder`1.StateMachineBox`1.System.Threading.Tasks.Sources.IValueTaskSource<TResult>.GetResult(Int16 token)
   at System.Net.Http.HttpConnection.SendAsync(HttpRequestMessage request, Boolean async, CancellationToken cancellationToken)
   --- End of inner exception stack trace ---
   at System.Net.Http.HttpConnection.SendAsync(HttpRequestMessage request, Boolean async, CancellationToken cancellationToken)
   at System.Net.Http.AuthenticationHelper.SendWithNtAuthAsync(HttpRequestMessage request, Uri authUri, Boolean async, ICredentials credentials, Boolean isProxyAuth, HttpConnection connection, HttpConnectionPool connectionPool, CancellationToken cancellationToken)
   at System.Net.Http.HttpConnectionPool.SendWithVersionDetectionAndRetryAsync(HttpRequestMessage request, Boolean async, Boolean doRequestAuth, CancellationToken cancellationToken)
   at System.Net.Http.AuthenticationHelper.SendWithAuthAsync(HttpRequestMessage request, Uri authUri, Boolean async, ICredentials credentials, Boolean preAuthenticate, Boolean isProxyAuth, Boolean doRequestAuth, HttpConnectionPool pool, CancellationToken cancellationToken)
   at System.Net.Http.RedirectHandler.SendAsync(HttpRequestMessage request, Boolean async, CancellationToken cancellationToken)
   at GitHub.Services.Common.RawHttpMessageHandler.SendAsync(HttpRequestMessage request, CancellationToken cancellationToken)
   at GitHub.Services.Common.VssHttpRetryMessageHandler.SendAsync(HttpRequestMessage request, CancellationToken cancellationToken)
   at System.Net.Http.HttpClient.<SendAsync>g__Core|83_0(HttpRequestMessage request, HttpCompletionOption completionOption, CancellationTokenSource cts, Boolean disposeCts, CancellationTokenSource pendingRequestsCts, CancellationToken originalCancellationToken)
[2025-12-16 14:03:50Z ERR  BrokerServer] #####################################################
[2025-12-16 14:03:50Z ERR  BrokerServer] System.IO.IOException: Unable to read data from the transport connection: The I/O operation has been aborted because of either a thread exit or an application request..
 ---> System.Net.Sockets.SocketException (995): The I/O operation has been aborted because of either a thread exit or an application request.
   --- End of inner exception stack trace ---
   at System.Net.Sockets.Socket.AwaitableSocketAsyncEventArgs.System.Threading.Tasks.Sources.IValueTaskSource<System.Int32>.GetResult(Int16 token)
   at System.Net.Security.SslStream.EnsureFullTlsFrameAsync[TIOAdapter](CancellationToken cancellationToken, Int32 estimatedSize)
   at System.Runtime.CompilerServices.PoolingAsyncValueTaskMethodBuilder`1.StateMachineBox`1.System.Threading.Tasks.Sources.IValueTaskSource<TResult>.GetResult(Int16 token)
   at System.Net.Security.SslStream.ReadAsyncInternal[TIOAdapter](Memory`1 buffer, CancellationToken cancellationToken)
   at System.Runtime.CompilerServices.PoolingAsyncValueTaskMethodBuilder`1.StateMachineBox`1.System.Threading.Tasks.Sources.IValueTaskSource<TResult>.GetResult(Int16 token)
   at System.Net.Http.HttpConnection.SendAsync(HttpRequestMessage request, Boolean async, CancellationToken cancellationToken)
[2025-12-16 14:03:50Z ERR  BrokerServer] #####################################################
[2025-12-16 14:03:50Z ERR  BrokerServer] System.Net.Sockets.SocketException (995): The I/O operation has been aborted because of either a thread exit or an application request.
[2025-12-16 14:03:50Z WARN BrokerServer] Back off 6.701 seconds before next retry. 4 attempt left.
[2025-12-16 14:03:50Z INFO BrokerMessageListener] Get messages has been cancelled using local token source. Continue to get messages with new status.
[2025-12-16 14:09:16Z INFO BrokerMessageListener] Acknowledging runner request '3cb9ad5c-fb0f-5602-b65c-e88eeed888a4'.
[2025-12-16 14:09:16Z INFO ConfigurationStore] HasCredentials()
[2025-12-16 14:09:16Z INFO ConfigurationStore] stored True
[2025-12-16 14:09:16Z INFO CredentialManager] GetCredentialProvider
[2025-12-16 14:09:16Z INFO CredentialManager] Creating type OAuth
[2025-12-16 14:09:16Z INFO CredentialManager] Creating credential type: OAuth
[2025-12-16 14:09:16Z INFO RSAEncryptedFileKeyManager] Loading RSA key parameters from file C:\Users\Admin\ktpm-team\Backend\actions-runner\.credentials_rsaparams
[2025-12-16 14:09:16Z INFO RSAEncryptedFileKeyManager] Loading RSA key parameters from file C:\Users\Admin\ktpm-team\Backend\actions-runner\.credentials_rsaparams
[2025-12-16 14:09:16Z INFO RSAEncryptedFileKeyManager] Loading RSA key parameters from file C:\Users\Admin\ktpm-team\Backend\actions-runner\.credentials_rsaparams
[2025-12-16 14:09:17Z INFO GitHubActionsService] AAD Correlation ID for this token request: Unknown
[2025-12-16 14:09:19Z INFO JobDispatcher] Job request 0 for plan 7020d9cb-f9f3-4c9a-a09e-34f9519d3925 job 3cb9ad5c-fb0f-5602-b65c-e88eeed888a4 received.
[2025-12-16 14:09:19Z INFO JobDispatcher] Pull OrchestrationId 7020d9cb-f9f3-4c9a-a09e-34f9519d3925.deploy.__default from JWT claims
[2025-12-16 14:09:19Z INFO BrokerMessageListener] Received job status event. JobState: Busy
[2025-12-16 14:09:19Z INFO BrokerMessageListener] _getMessagesTokenSource is already disposed.
[2025-12-16 14:09:19Z INFO JobDispatcher] Job request 842eacb1-e0c3-51fd-b7b7-0d963ea843b6 processed succeed.
[2025-12-16 14:09:19Z INFO Terminal] WRITE LINE: 2025-12-16 14:09:19Z: Running job: deploy
[2025-12-16 14:09:19Z INFO JobDispatcher] Start renew job request 0 for job 3cb9ad5c-fb0f-5602-b65c-e88eeed888a4.
[2025-12-16 14:09:20Z INFO JobDispatcher] Successfully renew job 3cb9ad5c-fb0f-5602-b65c-e88eeed888a4, job is valid till 12/16/2025 2:19:17 PM
[2025-12-16 14:09:20Z INFO HostContext] Well known directory 'Bin': 'C:\Users\Admin\ktpm-team\Backend\actions-runner\bin'
[2025-12-16 14:09:20Z INFO ProcessInvokerWrapper] Starting process:
[2025-12-16 14:09:20Z INFO ProcessInvokerWrapper]   File name: 'C:\Users\Admin\ktpm-team\Backend\actions-runner\bin\Runner.Worker.exe'
[2025-12-16 14:09:20Z INFO ProcessInvokerWrapper]   Arguments: 'spawnclient 1540 2372'
[2025-12-16 14:09:20Z INFO ProcessInvokerWrapper]   Working directory: 'C:\Users\Admin\ktpm-team\Backend\actions-runner\bin'
[2025-12-16 14:09:20Z INFO ProcessInvokerWrapper]   Require exit code zero: 'False'
[2025-12-16 14:09:20Z INFO ProcessInvokerWrapper]   Encoding web name:  ; code page: ''
[2025-12-16 14:09:20Z INFO ProcessInvokerWrapper]   Force kill process on cancellation: 'True'
[2025-12-16 14:09:20Z INFO ProcessInvokerWrapper]   Redirected STDIN: 'False'
[2025-12-16 14:09:20Z INFO ProcessInvokerWrapper]   Persist current code page: 'False'
[2025-12-16 14:09:20Z INFO ProcessInvokerWrapper]   Keep redirected STDIN open: 'False'
[2025-12-16 14:09:20Z INFO ProcessInvokerWrapper]   High priority process: 'True'
[2025-12-16 14:09:20Z INFO ProcessInvokerWrapper] Process started with process id 16104, waiting for process exit.
[2025-12-16 14:09:20Z INFO JobDispatcher] Send job request message to worker for job 3cb9ad5c-fb0f-5602-b65c-e88eeed888a4.
[2025-12-16 14:09:20Z INFO ProcessChannel] Sending message of length 16517, with hash '699fdc3c2ef9394fd3876f75d6a7531773791c2ae4814aa276fddb9a973f788c'
[2025-12-16 14:09:20Z INFO JobNotification] Entering JobStarted Notification
[2025-12-16 14:09:20Z INFO JobNotification] Entering StartMonitor
[2025-12-16 14:09:42Z INFO ProcessInvokerWrapper] STDOUT/STDERR stream read finished.
[2025-12-16 14:09:42Z INFO ProcessInvokerWrapper] STDOUT/STDERR stream read finished.
[2025-12-16 14:09:42Z INFO ProcessInvokerWrapper] Finished process 16104 with exit code 100, and elapsed time 00:00:21.6684609.
[2025-12-16 14:09:42Z INFO JobDispatcher] Worker finished for job 3cb9ad5c-fb0f-5602-b65c-e88eeed888a4. Code: 100
[2025-12-16 14:09:42Z INFO JobDispatcher] finish job request for job 3cb9ad5c-fb0f-5602-b65c-e88eeed888a4 with result: Succeeded
[2025-12-16 14:09:42Z INFO Terminal] WRITE LINE: 2025-12-16 14:09:42Z: Job deploy completed with result: Succeeded
[2025-12-16 14:09:42Z INFO JobDispatcher] Stop renew job request for job 3cb9ad5c-fb0f-5602-b65c-e88eeed888a4.
[2025-12-16 14:09:42Z INFO JobDispatcher] job renew has been cancelled, stop renew job 3cb9ad5c-fb0f-5602-b65c-e88eeed888a4.
[2025-12-16 14:09:42Z INFO JobNotification] Entering JobCompleted Notification
[2025-12-16 14:09:42Z INFO JobNotification] Entering EndMonitor
[2025-12-16 14:09:42Z INFO BrokerMessageListener] Received job status event. JobState: Online
[2025-12-16 14:09:42Z WARN GitHubActionsService] GET request to https://broker.actions.githubusercontent.com/message?sessionId=9c2abb52-00f5-49f9-8dbd-f0bd722a0335&status=Busy&runnerVersion=2.329.0&os=Windows&architecture=X64&disableUpdate=false has been cancelled.
[2025-12-16 14:09:42Z ERR  BrokerServer] Catch exception during request
[2025-12-16 14:09:42Z ERR  BrokerServer] System.Threading.Tasks.TaskCanceledException: The operation was canceled.
 ---> System.Threading.Tasks.TaskCanceledException: The operation was canceled.
 ---> System.IO.IOException: Unable to read data from the transport connection: The I/O operation has been aborted because of either a thread exit or an application request..
 ---> System.Net.Sockets.SocketException (995): The I/O operation has been aborted because of either a thread exit or an application request.
   --- End of inner exception stack trace ---
   at System.Net.Sockets.Socket.AwaitableSocketAsyncEventArgs.System.Threading.Tasks.Sources.IValueTaskSource<System.Int32>.GetResult(Int16 token)
   at System.Net.Security.SslStream.EnsureFullTlsFrameAsync[TIOAdapter](CancellationToken cancellationToken, Int32 estimatedSize)
   at System.Runtime.CompilerServices.PoolingAsyncValueTaskMethodBuilder`1.StateMachineBox`1.System.Threading.Tasks.Sources.IValueTaskSource<TResult>.GetResult(Int16 token)
   at System.Net.Security.SslStream.ReadAsyncInternal[TIOAdapter](Memory`1 buffer, CancellationToken cancellationToken)
   at System.Runtime.CompilerServices.PoolingAsyncValueTaskMethodBuilder`1.StateMachineBox`1.System.Threading.Tasks.Sources.IValueTaskSource<TResult>.GetResult(Int16 token)
   at System.Net.Http.HttpConnection.SendAsync(HttpRequestMessage request, Boolean async, CancellationToken cancellationToken)
   --- End of inner exception stack trace ---
   at System.Net.Http.HttpConnection.SendAsync(HttpRequestMessage request, Boolean async, CancellationToken cancellationToken)
   at System.Net.Http.AuthenticationHelper.SendWithNtAuthAsync(HttpRequestMessage request, Uri authUri, Boolean async, ICredentials credentials, Boolean isProxyAuth, HttpConnection connection, HttpConnectionPool connectionPool, CancellationToken cancellationToken)
   at System.Net.Http.HttpConnectionPool.SendWithVersionDetectionAndRetryAsync(HttpRequestMessage request, Boolean async, Boolean doRequestAuth, CancellationToken cancellationToken)
   at System.Net.Http.AuthenticationHelper.SendWithAuthAsync(HttpRequestMessage request, Uri authUri, Boolean async, ICredentials credentials, Boolean preAuthenticate, Boolean isProxyAuth, Boolean doRequestAuth, HttpConnectionPool pool, CancellationToken cancellationToken)
   at System.Net.Http.RedirectHandler.SendAsync(HttpRequestMessage request, Boolean async, CancellationToken cancellationToken)
   at GitHub.Services.Common.RawHttpMessageHandler.SendAsync(HttpRequestMessage request, CancellationToken cancellationToken)
   at GitHub.Services.Common.VssHttpRetryMessageHandler.SendAsync(HttpRequestMessage request, CancellationToken cancellationToken)
   at System.Net.Http.HttpClient.<SendAsync>g__Core|83_0(HttpRequestMessage request, HttpCompletionOption completionOption, CancellationTokenSource cts, Boolean disposeCts, CancellationTokenSource pendingRequestsCts, CancellationToken originalCancellationToken)
   --- End of inner exception stack trace ---
   at System.Net.Http.HttpClient.HandleFailure(Exception e, Boolean telemetryStarted, HttpResponseMessage response, CancellationTokenSource cts, CancellationToken cancellationToken, CancellationTokenSource pendingRequestsCts)
   at System.Net.Http.HttpClient.<SendAsync>g__Core|83_0(HttpRequestMessage request, HttpCompletionOption completionOption, CancellationTokenSource cts, Boolean disposeCts, CancellationTokenSource pendingRequestsCts, CancellationToken originalCancellationToken)
   at Sdk.WebApi.WebApi.RawHttpClientBase.SendAsync(HttpRequestMessage message, HttpCompletionOption completionOption, Object userState, CancellationToken cancellationToken)
   at Sdk.WebApi.WebApi.RawHttpClientBase.SendAsync[T](HttpRequestMessage message, Boolean readErrorBody, Object userState, CancellationToken cancellationToken)
   at Sdk.WebApi.WebApi.RawHttpClientBase.SendAsync[T](HttpMethod method, IEnumerable`1 additionalHeaders, Uri requestUri, HttpContent content, IEnumerable`1 queryParameters, Boolean readErrorBody, Object userState, CancellationToken cancellationToken)
   at GitHub.Actions.RunService.WebApi.BrokerHttpClient.GetRunnerMessageAsync(Nullable`1 sessionId, String runnerVersion, Nullable`1 status, String os, String architecture, Nullable`1 disableUpdate, CancellationToken cancellationToken)
   at GitHub.Runner.Common.BrokerServer.<>c__DisplayClass7_0.<<GetRunnerMessageAsync>b__0>d.MoveNext()
--- End of stack trace from previous location ---
   at GitHub.Runner.Common.RunnerService.RetryRequest[T](Func`1 func, CancellationToken cancellationToken, Int32 maxAttempts, Func`2 shouldRetry)
[2025-12-16 14:09:42Z ERR  BrokerServer] #####################################################
[2025-12-16 14:09:42Z ERR  BrokerServer] System.Threading.Tasks.TaskCanceledException: The operation was canceled.
 ---> System.IO.IOException: Unable to read data from the transport connection: The I/O operation has been aborted because of either a thread exit or an application request..
 ---> System.Net.Sockets.SocketException (995): The I/O operation has been aborted because of either a thread exit or an application request.
   --- End of inner exception stack trace ---
   at System.Net.Sockets.Socket.AwaitableSocketAsyncEventArgs.System.Threading.Tasks.Sources.IValueTaskSource<System.Int32>.GetResult(Int16 token)
   at System.Net.Security.SslStream.EnsureFullTlsFrameAsync[TIOAdapter](CancellationToken cancellationToken, Int32 estimatedSize)
   at System.Runtime.CompilerServices.PoolingAsyncValueTaskMethodBuilder`1.StateMachineBox`1.System.Threading.Tasks.Sources.IValueTaskSource<TResult>.GetResult(Int16 token)
   at System.Net.Security.SslStream.ReadAsyncInternal[TIOAdapter](Memory`1 buffer, CancellationToken cancellationToken)
   at System.Runtime.CompilerServices.PoolingAsyncValueTaskMethodBuilder`1.StateMachineBox`1.System.Threading.Tasks.Sources.IValueTaskSource<TResult>.GetResult(Int16 token)
   at System.Net.Http.HttpConnection.SendAsync(HttpRequestMessage request, Boolean async, CancellationToken cancellationToken)
   --- End of inner exception stack trace ---
   at System.Net.Http.HttpConnection.SendAsync(HttpRequestMessage request, Boolean async, CancellationToken cancellationToken)
   at System.Net.Http.AuthenticationHelper.SendWithNtAuthAsync(HttpRequestMessage request, Uri authUri, Boolean async, ICredentials credentials, Boolean isProxyAuth, HttpConnection connection, HttpConnectionPool connectionPool, CancellationToken cancellationToken)
   at System.Net.Http.HttpConnectionPool.SendWithVersionDetectionAndRetryAsync(HttpRequestMessage request, Boolean async, Boolean doRequestAuth, CancellationToken cancellationToken)
   at System.Net.Http.AuthenticationHelper.SendWithAuthAsync(HttpRequestMessage request, Uri authUri, Boolean async, ICredentials credentials, Boolean preAuthenticate, Boolean isProxyAuth, Boolean doRequestAuth, HttpConnectionPool pool, CancellationToken cancellationToken)
   at System.Net.Http.RedirectHandler.SendAsync(HttpRequestMessage request, Boolean async, CancellationToken cancellationToken)
   at GitHub.Services.Common.RawHttpMessageHandler.SendAsync(HttpRequestMessage request, CancellationToken cancellationToken)
   at GitHub.Services.Common.VssHttpRetryMessageHandler.SendAsync(HttpRequestMessage request, CancellationToken cancellationToken)
   at System.Net.Http.HttpClient.<SendAsync>g__Core|83_0(HttpRequestMessage request, HttpCompletionOption completionOption, CancellationTokenSource cts, Boolean disposeCts, CancellationTokenSource pendingRequestsCts, CancellationToken originalCancellationToken)
[2025-12-16 14:09:42Z ERR  BrokerServer] #####################################################
[2025-12-16 14:09:42Z ERR  BrokerServer] System.IO.IOException: Unable to read data from the transport connection: The I/O operation has been aborted because of either a thread exit or an application request..
 ---> System.Net.Sockets.SocketException (995): The I/O operation has been aborted because of either a thread exit or an application request.
   --- End of inner exception stack trace ---
   at System.Net.Sockets.Socket.AwaitableSocketAsyncEventArgs.System.Threading.Tasks.Sources.IValueTaskSource<System.Int32>.GetResult(Int16 token)
   at System.Net.Security.SslStream.EnsureFullTlsFrameAsync[TIOAdapter](CancellationToken cancellationToken, Int32 estimatedSize)
   at System.Runtime.CompilerServices.PoolingAsyncValueTaskMethodBuilder`1.StateMachineBox`1.System.Threading.Tasks.Sources.IValueTaskSource<TResult>.GetResult(Int16 token)
   at System.Net.Security.SslStream.ReadAsyncInternal[TIOAdapter](Memory`1 buffer, CancellationToken cancellationToken)
   at System.Runtime.CompilerServices.PoolingAsyncValueTaskMethodBuilder`1.StateMachineBox`1.System.Threading.Tasks.Sources.IValueTaskSource<TResult>.GetResult(Int16 token)
   at System.Net.Http.HttpConnection.SendAsync(HttpRequestMessage request, Boolean async, CancellationToken cancellationToken)
[2025-12-16 14:09:42Z ERR  BrokerServer] #####################################################
[2025-12-16 14:09:42Z ERR  BrokerServer] System.Net.Sockets.SocketException (995): The I/O operation has been aborted because of either a thread exit or an application request.
[2025-12-16 14:09:42Z WARN BrokerServer] Back off 14.653 seconds before next retry. 4 attempt left.
[2025-12-16 14:09:42Z INFO BrokerMessageListener] Get messages has been cancelled using local token source. Continue to get messages with new status.
[2025-12-16 14:23:16Z INFO Terminal] WRITE LINE: Exiting...
[2025-12-16 14:23:16Z INFO ConfigurationStore] IsServiceConfigured()
[2025-12-16 14:23:16Z INFO ConfigurationStore] IsServiceConfigured: False
[2025-12-16 14:23:16Z INFO HostContext] Runner will be shutdown for UserCancelled
[2025-12-16 14:23:16Z WARN GitHubActionsService] GET request to https://broker.actions.githubusercontent.com/message?sessionId=9c2abb52-00f5-49f9-8dbd-f0bd722a0335&status=Online&runnerVersion=2.329.0&os=Windows&architecture=X64&disableUpdate=false has been cancelled.
[2025-12-16 14:23:16Z ERR  BrokerServer] Catch exception during request
[2025-12-16 14:23:16Z ERR  BrokerServer] System.Threading.Tasks.TaskCanceledException: The operation was canceled.
 ---> System.Threading.Tasks.TaskCanceledException: The operation was canceled.
 ---> System.IO.IOException: Unable to read data from the transport connection: The I/O operation has been aborted because of either a thread exit or an application request..
 ---> System.Net.Sockets.SocketException (995): The I/O operation has been aborted because of either a thread exit or an application request.
   --- End of inner exception stack trace ---
   at System.Net.Sockets.Socket.AwaitableSocketAsyncEventArgs.System.Threading.Tasks.Sources.IValueTaskSource<System.Int32>.GetResult(Int16 token)
   at System.Net.Security.SslStream.EnsureFullTlsFrameAsync[TIOAdapter](CancellationToken cancellationToken, Int32 estimatedSize)
   at System.Runtime.CompilerServices.PoolingAsyncValueTaskMethodBuilder`1.StateMachineBox`1.System.Threading.Tasks.Sources.IValueTaskSource<TResult>.GetResult(Int16 token)
   at System.Net.Security.SslStream.ReadAsyncInternal[TIOAdapter](Memory`1 buffer, CancellationToken cancellationToken)
   at System.Runtime.CompilerServices.PoolingAsyncValueTaskMethodBuilder`1.StateMachineBox`1.System.Threading.Tasks.Sources.IValueTaskSource<TResult>.GetResult(Int16 token)
   at System.Net.Http.HttpConnection.SendAsync(HttpRequestMessage request, Boolean async, CancellationToken cancellationToken)
   --- End of inner exception stack trace ---
   at System.Net.Http.HttpConnection.SendAsync(HttpRequestMessage request, Boolean async, CancellationToken cancellationToken)
   at System.Net.Http.AuthenticationHelper.SendWithNtAuthAsync(HttpRequestMessage request, Uri authUri, Boolean async, ICredentials credentials, Boolean isProxyAuth, HttpConnection connection, HttpConnectionPool connectionPool, CancellationToken cancellationToken)
   at System.Net.Http.HttpConnectionPool.SendWithVersionDetectionAndRetryAsync(HttpRequestMessage request, Boolean async, Boolean doRequestAuth, CancellationToken cancellationToken)
   at System.Net.Http.AuthenticationHelper.SendWithAuthAsync(HttpRequestMessage request, Uri authUri, Boolean async, ICredentials credentials, Boolean preAuthenticate, Boolean isProxyAuth, Boolean doRequestAuth, HttpConnectionPool pool, CancellationToken cancellationToken)
   at System.Net.Http.RedirectHandler.SendAsync(HttpRequestMessage request, Boolean async, CancellationToken cancellationToken)
   at GitHub.Services.Common.RawHttpMessageHandler.SendAsync(HttpRequestMessage request, CancellationToken cancellationToken)
   at GitHub.Services.Common.VssHttpRetryMessageHandler.SendAsync(HttpRequestMessage request, CancellationToken cancellationToken)
   at System.Net.Http.HttpClient.<SendAsync>g__Core|83_0(HttpRequestMessage request, HttpCompletionOption completionOption, CancellationTokenSource cts, Boolean disposeCts, CancellationTokenSource pendingRequestsCts, CancellationToken originalCancellationToken)
   --- End of inner exception stack trace ---
   at System.Net.Http.HttpClient.HandleFailure(Exception e, Boolean telemetryStarted, HttpResponseMessage response, CancellationTokenSource cts, CancellationToken cancellationToken, CancellationTokenSource pendingRequestsCts)
   at System.Net.Http.HttpClient.<SendAsync>g__Core|83_0(HttpRequestMessage request, HttpCompletionOption completionOption, CancellationTokenSource cts, Boolean disposeCts, CancellationTokenSource pendingRequestsCts, CancellationToken originalCancellationToken)
   at Sdk.WebApi.WebApi.RawHttpClientBase.SendAsync(HttpRequestMessage message, HttpCompletionOption completionOption, Object userState, CancellationToken cancellationToken)
   at Sdk.WebApi.WebApi.RawHttpClientBase.SendAsync[T](HttpRequestMessage message, Boolean readErrorBody, Object userState, CancellationToken cancellationToken)
   at Sdk.WebApi.WebApi.RawHttpClientBase.SendAsync[T](HttpMethod method, IEnumerable`1 additionalHeaders, Uri requestUri, HttpContent content, IEnumerable`1 queryParameters, Boolean readErrorBody, Object userState, CancellationToken cancellationToken)
   at GitHub.Actions.RunService.WebApi.BrokerHttpClient.GetRunnerMessageAsync(Nullable`1 sessionId, String runnerVersion, Nullable`1 status, String os, String architecture, Nullable`1 disableUpdate, CancellationToken cancellationToken)
   at GitHub.Runner.Common.BrokerServer.<>c__DisplayClass7_0.<<GetRunnerMessageAsync>b__0>d.MoveNext()
--- End of stack trace from previous location ---
   at GitHub.Runner.Common.RunnerService.RetryRequest[T](Func`1 func, CancellationToken cancellationToken, Int32 maxAttempts, Func`2 shouldRetry)
[2025-12-16 14:23:16Z ERR  BrokerServer] #####################################################
[2025-12-16 14:23:16Z ERR  BrokerServer] System.Threading.Tasks.TaskCanceledException: The operation was canceled.
 ---> System.IO.IOException: Unable to read data from the transport connection: The I/O operation has been aborted because of either a thread exit or an application request..
 ---> System.Net.Sockets.SocketException (995): The I/O operation has been aborted because of either a thread exit or an application request.
   --- End of inner exception stack trace ---
   at System.Net.Sockets.Socket.AwaitableSocketAsyncEventArgs.System.Threading.Tasks.Sources.IValueTaskSource<System.Int32>.GetResult(Int16 token)
   at System.Net.Security.SslStream.EnsureFullTlsFrameAsync[TIOAdapter](CancellationToken cancellationToken, Int32 estimatedSize)
   at System.Runtime.CompilerServices.PoolingAsyncValueTaskMethodBuilder`1.StateMachineBox`1.System.Threading.Tasks.Sources.IValueTaskSource<TResult>.GetResult(Int16 token)
   at System.Net.Security.SslStream.ReadAsyncInternal[TIOAdapter](Memory`1 buffer, CancellationToken cancellationToken)
   at System.Runtime.CompilerServices.PoolingAsyncValueTaskMethodBuilder`1.StateMachineBox`1.System.Threading.Tasks.Sources.IValueTaskSource<TResult>.GetResult(Int16 token)
   at System.Net.Http.HttpConnection.SendAsync(HttpRequestMessage request, Boolean async, CancellationToken cancellationToken)
   --- End of inner exception stack trace ---
   at System.Net.Http.HttpConnection.SendAsync(HttpRequestMessage request, Boolean async, CancellationToken cancellationToken)
   at System.Net.Http.AuthenticationHelper.SendWithNtAuthAsync(HttpRequestMessage request, Uri authUri, Boolean async, ICredentials credentials, Boolean isProxyAuth, HttpConnection connection, HttpConnectionPool connectionPool, CancellationToken cancellationToken)
   at System.Net.Http.HttpConnectionPool.SendWithVersionDetectionAndRetryAsync(HttpRequestMessage request, Boolean async, Boolean doRequestAuth, CancellationToken cancellationToken)
   at System.Net.Http.AuthenticationHelper.SendWithAuthAsync(HttpRequestMessage request, Uri authUri, Boolean async, ICredentials credentials, Boolean preAuthenticate, Boolean isProxyAuth, Boolean doRequestAuth, HttpConnectionPool pool, CancellationToken cancellationToken)
   at System.Net.Http.RedirectHandler.SendAsync(HttpRequestMessage request, Boolean async, CancellationToken cancellationToken)
   at GitHub.Services.Common.RawHttpMessageHandler.SendAsync(HttpRequestMessage request, CancellationToken cancellationToken)
   at GitHub.Services.Common.VssHttpRetryMessageHandler.SendAsync(HttpRequestMessage request, CancellationToken cancellationToken)
   at System.Net.Http.HttpClient.<SendAsync>g__Core|83_0(HttpRequestMessage request, HttpCompletionOption completionOption, CancellationTokenSource cts, Boolean disposeCts, CancellationTokenSource pendingRequestsCts, CancellationToken originalCancellationToken)
[2025-12-16 14:23:16Z ERR  BrokerServer] #####################################################
[2025-12-16 14:23:16Z ERR  BrokerServer] System.IO.IOException: Unable to read data from the transport connection: The I/O operation has been aborted because of either a thread exit or an application request..
 ---> System.Net.Sockets.SocketException (995): The I/O operation has been aborted because of either a thread exit or an application request.
   --- End of inner exception stack trace ---
   at System.Net.Sockets.Socket.AwaitableSocketAsyncEventArgs.System.Threading.Tasks.Sources.IValueTaskSource<System.Int32>.GetResult(Int16 token)
   at System.Net.Security.SslStream.EnsureFullTlsFrameAsync[TIOAdapter](CancellationToken cancellationToken, Int32 estimatedSize)
   at System.Runtime.CompilerServices.PoolingAsyncValueTaskMethodBuilder`1.StateMachineBox`1.System.Threading.Tasks.Sources.IValueTaskSource<TResult>.GetResult(Int16 token)
   at System.Net.Security.SslStream.ReadAsyncInternal[TIOAdapter](Memory`1 buffer, CancellationToken cancellationToken)
   at System.Runtime.CompilerServices.PoolingAsyncValueTaskMethodBuilder`1.StateMachineBox`1.System.Threading.Tasks.Sources.IValueTaskSource<TResult>.GetResult(Int16 token)
   at System.Net.Http.HttpConnection.SendAsync(HttpRequestMessage request, Boolean async, CancellationToken cancellationToken)
[2025-12-16 14:23:16Z ERR  BrokerServer] #####################################################
[2025-12-16 14:23:16Z ERR  BrokerServer] System.Net.Sockets.SocketException (995): The I/O operation has been aborted because of either a thread exit or an application request.
[2025-12-16 14:23:16Z WARN BrokerServer] Back off 6.455 seconds before next retry. 4 attempt left.
[2025-12-16 14:23:16Z INFO BrokerMessageListener] Get next message has been cancelled.
[2025-12-16 14:23:16Z INFO JobDispatcher] Shutting down JobDispatcher. Make sure all WorkerDispatcher has finished.
[2025-12-16 14:23:16Z INFO JobDispatcher] Ensure WorkerDispatcher for job 3cb9ad5c-fb0f-5602-b65c-e88eeed888a4 run to finish, cancel any running job.
[2025-12-16 14:23:16Z INFO JobDispatcher] Job request 3cb9ad5c-fb0f-5602-b65c-e88eeed888a4 processed succeed.
[2025-12-16 14:23:16Z INFO Runner] Deleting Runner Session...
[2025-12-16 14:23:17Z INFO Listener] Runner execution been cancelled.
