[2025-12-16 14:03:09Z INFO HostContext] No proxy settings were found based on environmental variables (http_proxy/https_proxy/HTTP_PROXY/HTTPS_PROXY)
[2025-12-16 14:03:09Z INFO HostContext] Well known directory 'Bin': 'C:\Users\Admin\ktpm-team\Backend\actions-runner\bin'
[2025-12-16 14:03:09Z INFO HostContext] Well known directory 'Root': 'C:\Users\Admin\ktpm-team\Backend\actions-runner'
[2025-12-16 14:03:09Z INFO HostContext] Well known config file 'Credentials': 'C:\Users\Admin\ktpm-team\Backend\actions-runner\.credentials'
[2025-12-16 14:03:10Z INFO HostContext] Well known directory 'Bin': 'C:\Users\Admin\ktpm-team\Backend\actions-runner\bin'
[2025-12-16 14:03:10Z INFO HostContext] Well known directory 'Root': 'C:\Users\Admin\ktpm-team\Backend\actions-runner'
[2025-12-16 14:03:10Z INFO HostContext] Well known config file 'Runner': 'C:\Users\Admin\ktpm-team\Backend\actions-runner\.runner'
[2025-12-16 14:03:10Z INFO Worker] Version: 2.329.0
[2025-12-16 14:03:10Z INFO Worker] Commit: c76c59996c8fa32e989164a5a695efb12608ae5a
[2025-12-16 14:03:10Z INFO Worker] Culture: en-US
[2025-12-16 14:03:10Z INFO Worker] UI Culture: en-US
[2025-12-16 14:03:10Z INFO Worker] Waiting to receive the job message from the channel.
[2025-12-16 14:03:10Z INFO ProcessChannel] Receiving message of length 16458, with hash 'b1a42ffa8e51ef092d147726747fc9e8864055bbcd33ab0757d5a3d0cafd7624'
[2025-12-16 14:03:10Z INFO Worker] Message received.
[2025-12-16 14:03:10Z INFO Worker] Job message:
 {
  "fileTable": [
    ".github/workflows/cd-deploy.yml"
  ],
  "mask": [
    {
      "type": "regex",
      "value": "***"
    },
    {
      "type": "regex",
      "value": "***"
    },
    {
      "type": "regex",
      "value": "***"
    },
    {
      "type": "regex",
      "value": "***"
    },
    {
      "type": "regex",
      "value": "***"
    },
    {
      "type": "regex",
      "value": "***"
    },
    {
      "type": "regex",
      "value": "***"
    },
    {
      "type": "regex",
      "value": "***"
    },
    {
      "type": "regex",
      "value": "***"
    },
    {
      "type": "regex",
      "value": "***"
    },
    {
      "type": "regex",
      "value": "***"
    },
    {
      "type": "regex",
      "value": "***"
    },
    {
      "type": "regex",
      "value": "***"
    },
    {
      "type": "regex",
      "value": "***"
    },
    {
      "type": "regex",
      "value": "***"
    },
    {
      "type": "regex",
      "value": "***"
    },
    {
      "type": "regex",
      "value": "***"
    },
    {
      "type": "regex",
      "value": "***"
    }
  ],
  "steps": [
    {
      "type": "action",
      "reference": {
        "type": "script"
      },
      "displayNameToken": {
        "type": 0,
        "file": 1,
        "line": 16,
        "col": 15,
        "lit": "Pull & Run Docker Image"
      },
      "contextName": "__run",
      "inputs": {
        "type": 2,
        "map": [
          {
            "key": "script",
            "value": {
              "type": 0,
              "file": 1,
              "line": 17,
              "col": 14,
              "lit": "docker pull haolongd/springboot-app:latest\ndocker stop app 2>$null\ndocker rm app 2>$null\ndocker run -d --restart unless-stopped `\n  --env-file C:\\opt\\app\\.env `\n  -p 8080:8080 `\n  --name app haolongd/springboot-app:latest\ndocker image prune -f\n"
            }
          }
        ]
      },
      "condition": "success()",
      "id": "8dd21c74-165a-47a7-a07d-92f37360f50f",
      "name": "__run"
    }
  ],
  "variables": {
    "Actions.EnableHttpRedirects": {
      "value": "true"
    },
    "DistributedTask.AddWarningToNode12Action": {
      "value": "true"
    },
    "DistributedTask.AddWarningToNode16Action": {
      "value": "true"
    },
    "DistributedTask.AllowRunnerContainerHooks": {
      "value": "true"
    },
    "DistributedTask.DeprecateStepOutputCommands": {
      "value": "true"
    },
    "DistributedTask.DetailUntarFailure": {
      "value": "true"
    },
    "DistributedTask.EnableCompositeActions": {
      "value": "true"
    },
    "DistributedTask.EnableJobServerQueueTelemetry": {
      "value": "true"
    },
    "DistributedTask.EnhancedAnnotations": {
      "value": "true"
    },
    "DistributedTask.ForceGithubJavascriptActionsToNode16": {
      "value": "true"
    },
    "DistributedTask.ForceGithubJavascriptActionsToNode20": {
      "value": "true"
    },
    "DistributedTask.LogTemplateErrorsAsDebugMessages": {
      "value": "true"
    },
    "DistributedTask.MarkJobAsFailedOnWorkerCrash": {
      "value": "true"
    },
    "DistributedTask.NewActionMetadata": {
      "value": "true"
    },
    "DistributedTask.UploadStepSummary": {
      "value": "true"
    },
    "DistributedTask.UseActionArchiveCache": {
      "value": "true"
    },
    "DistributedTask.UseWhich2": {
      "value": "true"
    },
    "RunService.FixEmbeddedIssues": {
      "value": "true"
    },
    "actions_add_check_run_id_to_job_context": {
      "value": "true"
    },
    "actions_container_action_runner_temp": {
      "value": "true"
    },
    "actions_display_helpful_actions_download_errors": {
      "value": "true"
    },
    "actions_skip_retry_complete_job_upon_known_errors": {
      "value": "true"
    },
    "actions_uses_cache_service_v2": {
      "value": "true"
    },
    "github_token": {
      "value": "***",
      "isSecret": true
    },
    "system.from_run_service": {
      "value": "true"
    },
    "system.github.job": {
      "value": "deploy"
    },
    "system.github.launch_endpoint": {
      "value": "https://launch.actions.githubusercontent.com"
    },
    "system.github.results_endpoint": {
      "value": "https://results-receiver.actions.githubusercontent.com/"
    },
    "system.github.results_upload_with_sdk": {
      "value": "true"
    },
    "system.github.token": {
      "value": "***",
      "isSecret": true
    },
    "system.github.token.permissions": {
      "value": "{\"Contents\":\"read\",\"Metadata\":\"read\",\"Packages\":\"read\"}"
    },
    "system.orchestrationId": {
      "value": "88fb9c85-010b-4762-bb6e-dd8350813189.deploy.__default"
    },
    "system.phaseDisplayName": {
      "value": "deploy"
    },
    "system.runner.lowdiskspacethreshold": {
      "value": "100"
    },
    "system.runnerEnvironment": {
      "value": "self-hosted"
    },
    "system.runnerGroupName": {
      "value": "Default"
    }
  },
  "messageType": "RunnerJobRequest",
  "plan": {
    "scopeIdentifier": "00000000-0000-0000-0000-000000000000",
    "planType": "actions",
    "version": 0,
    "planId": "88fb9c85-010b-4762-bb6e-dd8350813189",
    "planGroup": null,
    "artifactUri": null,
    "artifactLocation": null,
    "definition": null,
    "owner": null
  },
  "timeline": {
    "id": "88fb9c85-010b-4762-bb6e-dd8350813189",
    "changeId": 0,
    "location": null
  },
  "jobId": "63a1f4b0-24df-5317-9f9f-dc5d70f16653",
  "jobDisplayName": "deploy",
  "jobName": "__default",
  "requestId": 0,
  "lockedUntil": "0001-01-01T00:00:00",
  "resources": {
    "endpoints": [
      {
        "data": {
          "ServerId": "",
          "ServerName": "",
          "CacheServerUrl": "https://artifactcache.actions.githubusercontent.com/u4fiL54833awRnKxXeDDc9itEIe0G5mrB3XcCAiLTe8r0kZOXN/",
          "FeedStreamUrl": "wss://results-receiver.actions.githubusercontent.com/_ws/ingest.sock",
          "ResultsServiceUrl": "https://results-receiver.actions.githubusercontent.com/",
          "PipelinesServiceUrl": "https://pipelinesghubeus6.actions.githubusercontent.com/u4fiL54833awRnKxXeDDc9itEIe0G5mrB3XcCAiLTe8r0kZOXN/",
          "GenerateIdTokenUrl": ""
        },
        "name": "SystemVssConnection",
        "url": "https://run-actions-3-azure-eastus.actions.githubusercontent.com/93/",
        "authorization": {
          "parameters": {
            "AccessToken": "***"
          },
          "scheme": "OAuth"
        },
        "isShared": false,
        "isReady": true
      }
    ]
  },
  "contextData": {
    "github": {
      "t": 2,
      "d": [
        {
          "k": "ref",
          "v": "refs/heads/main"
        },
        {
          "k": "sha",
          "v": "102797109b07c37b0f00cf63c471391b736819e5"
        },
        {
          "k": "repository",
          "v": "haolor/ktpm-team"
        },
        {
          "k": "repository_owner",
          "v": "haolor"
        },
        {
          "k": "repository_owner_id",
          "v": "183284959"
        },
        {
          "k": "repositoryUrl",
          "v": "git://github.com/haolor/ktpm-team.git"
        },
        {
          "k": "run_id",
          "v": "20270542805"
        },
        {
          "k": "run_number",
          "v": "5"
        },
        {
          "k": "retention_days",
          "v": "90"
        },
        {
          "k": "run_attempt",
          "v": "2"
        },
        {
          "k": "artifact_cache_size_limit",
          "v": "10"
        },
        {
          "k": "repository_visibility",
          "v": "private"
        },
        {
          "k": "actor_id",
          "v": "183284959"
        },
        {
          "k": "actor",
          "v": "haolor"
        },
        {
          "k": "workflow",
          "v": "CD - Deploy (Local Windows Runner)"
        },
        {
          "k": "head_ref",
          "v": ""
        },
        {
          "k": "base_ref",
          "v": ""
        },
        {
          "k": "event_name",
          "v": "workflow_dispatch"
        },
        {
          "k": "server_url",
          "v": "https://github.com"
        },
        {
          "k": "api_url",
          "v": "https://api.github.com"
        },
        {
          "k": "graphql_url",
          "v": "https://api.github.com/graphql"
        },
        {
          "k": "ref_name",
          "v": "main"
        },
        {
          "k": "ref_protected",
          "v": false
        },
        {
          "k": "ref_type",
          "v": "branch"
        },
        {
          "k": "secret_source",
          "v": "Actions"
        },
        {
          "k": "event",
          "v": {
            "t": 2,
            "d": [
              {
                "k": "inputs",
                "v": null
              },
              {
                "k": "ref",
                "v": "refs/heads/main"
              },
              {
                "k": "repository",
                "v": {
                  "t": 2,
                  "d": [
                    {
                      "k": "allow_forking",
                      "v": true
                    },
                    {
                      "k": "archive_url",
                      "v": "https://api.github.com/repos/haolor/ktpm-team/{archive_format}{/ref}"
                    },
                    {
                      "k": "archived",
                      "v": false
                    },
                    {
                      "k": "assignees_url",
                      "v": "https://api.github.com/repos/haolor/ktpm-team/assignees{/user}"
                    },
                    {
                      "k": "blobs_url",
                      "v": "https://api.github.com/repos/haolor/ktpm-team/git/blobs{/sha}"
                    },
                    {
                      "k": "branches_url",
                      "v": "https://api.github.com/repos/haolor/ktpm-team/branches{/branch}"
                    },
                    {
                      "k": "clone_url",
                      "v": "https://github.com/haolor/ktpm-team.git"
                    },
                    {
                      "k": "collaborators_url",
                      "v": "https://api.github.com/repos/haolor/ktpm-team/collaborators{/collaborator}"
                    },
                    {
                      "k": "comments_url",
                      "v": "https://api.github.com/repos/haolor/ktpm-team/comments{/number}"
                    },
                    {
                      "k": "commits_url",
                      "v": "https://api.github.com/repos/haolor/ktpm-team/commits{/sha}"
                    },
                    {
                      "k": "compare_url",
                      "v": "https://api.github.com/repos/haolor/ktpm-team/compare/{base}...{head}"
                    },
                    {
                      "k": "contents_url",
                      "v": "https://api.github.com/repos/haolor/ktpm-team/contents/{+path}"
                    },
                    {
                      "k": "contributors_url",
                      "v": "https://api.github.com/repos/haolor/ktpm-team/contributors"
                    },
                    {
                      "k": "created_at",
                      "v": "2025-09-05T03:51:50Z"
                    },
                    {
                      "k": "default_branch",
                      "v": "main"
                    },
                    {
                      "k": "deployments_url",
                      "v": "https://api.github.com/repos/haolor/ktpm-team/deployments"
                    },
                    {
                      "k": "description",
                      "v": null
                    },
                    {
                      "k": "disabled",
                      "v": false
                    },
                    {
                      "k": "downloads_url",
                      "v": "https://api.github.com/repos/haolor/ktpm-team/downloads"
                    },
                    {
                      "k": "events_url",
                      "v": "https://api.github.com/repos/haolor/ktpm-team/events"
                    },
                    {
                      "k": "fork",
                      "v": false
                    },
                    {
                      "k": "forks",
                      "v": 0.0
                    },
                    {
                      "k": "forks_count",
                      "v": 0.0
                    },
                    {
                      "k": "forks_url",
                      "v": "https://api.github.com/repos/haolor/ktpm-team/forks"
                    },
                    {
                      "k": "full_name",
                      "v": "haolor/ktpm-team"
                    },
                    {
                      "k": "git_commits_url",
                      "v": "https://api.github.com/repos/haolor/ktpm-team/git/commits{/sha}"
                    },
                    {
                      "k": "git_refs_url",
                      "v": "https://api.github.com/repos/haolor/ktpm-team/git/refs{/sha}"
                    },
                    {
                      "k": "git_tags_url",
                      "v": "https://api.github.com/repos/haolor/ktpm-team/git/tags{/sha}"
                    },
                    {
                      "k": "git_url",
                      "v": "git://github.com/haolor/ktpm-team.git"
                    },
                    {
                      "k": "has_discussions",
                      "v": false
                    },
                    {
                      "k": "has_downloads",
                      "v": true
                    },
                    {
                      "k": "has_issues",
                      "v": true
                    },
                    {
                      "k": "has_pages",
                      "v": false
                    },
                    {
                      "k": "has_projects",
                      "v": true
                    },
                    {
                      "k": "has_wiki",
                      "v": false
                    },
                    {
                      "k": "homepage",
                      "v": null
                    },
                    {
                      "k": "hooks_url",
                      "v": "https://api.github.com/repos/haolor/ktpm-team/hooks"
                    },
                    {
                      "k": "html_url",
                      "v": "https://github.com/haolor/ktpm-team"
                    },
                    {
                      "k": "id",
                      "v": 1050856387.0
                    },
                    {
                      "k": "is_template",
                      "v": false
                    },
                    {
                      "k": "issue_comment_url",
                      "v": "https://api.github.com/repos/haolor/ktpm-team/issues/comments{/number}"
                    },
                    {
                      "k": "issue_events_url",
                      "v": "https://api.github.com/repos/haolor/ktpm-team/issues/events{/number}"
                    },
                    {
                      "k": "issues_url",
                      "v": "https://api.github.com/repos/haolor/ktpm-team/issues{/number}"
                    },
                    {
                      "k": "keys_url",
                      "v": "https://api.github.com/repos/haolor/ktpm-team/keys{/key_id}"
                    },
                    {
                      "k": "labels_url",
                      "v": "https://api.github.com/repos/haolor/ktpm-team/labels{/name}"
                    },
                    {
                      "k": "language",
                      "v": "CSS"
                    },
                    {
                      "k": "languages_url",
                      "v": "https://api.github.com/repos/haolor/ktpm-team/languages"
                    },
                    {
                      "k": "license",
                      "v": null
                    },
                    {
                      "k": "merges_url",
                      "v": "https://api.github.com/repos/haolor/ktpm-team/merges"
                    },
                    {
                      "k": "milestones_url",
                      "v": "https://api.github.com/repos/haolor/ktpm-team/milestones{/number}"
                    },
                    {
                      "k": "mirror_url",
                      "v": null
                    },
                    {
                      "k": "name",
                      "v": "ktpm-team"
                    },
                    {
                      "k": "node_id",
                      "v": "R_kgDOPqLLww"
                    },
                    {
                      "k": "notifications_url",
                      "v": "https://api.github.com/repos/haolor/ktpm-team/notifications{?since,all,participating}"
                    },
                    {
                      "k": "open_issues",
                      "v": 0.0
                    },
                    {
                      "k": "open_issues_count",
                      "v": 0.0
                    },
                    {
                      "k": "owner",
                      "v": {
                        "t": 2,
                        "d": [
                          {
                            "k": "avatar_url",
                            "v": "https://avatars.githubusercontent.com/u/183284959?v=4"
                          },
                          {
                            "k": "events_url",
                            "v": "https://api.github.com/users/haolor/events{/privacy}"
                          },
                          {
                            "k": "followers_url",
                            "v": "https://api.github.com/users/haolor/followers"
                          },
                          {
                            "k": "following_url",
                            "v": "https://api.github.com/users/haolor/following{/other_user}"
                          },
                          {
                            "k": "gists_url",
                            "v": "https://api.github.com/users/haolor/gists{/gist_id}"
                          },
                          {
                            "k": "gravatar_id",
                            "v": ""
                          },
                          {
                            "k": "html_url",
                            "v": "https://github.com/haolor"
                          },
                          {
                            "k": "id",
                            "v": 183284959.0
                          },
                          {
                            "k": "login",
                            "v": "haolor"
                          },
                          {
                            "k": "node_id",
                            "v": "U_kgDOCuy03w"
                          },
                          {
                            "k": "organizations_url",
                            "v": "https://api.github.com/users/haolor/orgs"
                          },
                          {
                            "k": "received_events_url",
                            "v": "https://api.github.com/users/haolor/received_events"
                          },
                          {
                            "k": "repos_url",
                            "v": "https://api.github.com/users/haolor/repos"
                          },
                          {
                            "k": "site_admin",
                            "v": false
                          },
                          {
                            "k": "starred_url",
                            "v": "https://api.github.com/users/haolor/starred{/owner}{/repo}"
                          },
                          {
                            "k": "subscriptions_url",
                            "v": "https://api.github.com/users/haolor/subscriptions"
                          },
                          {
                            "k": "type",
                            "v": "User"
                          },
                          {
                            "k": "url",
                            "v": "https://api.github.com/users/haolor"
                          },
                          {
                            "k": "user_view_type",
                            "v": "public"
                          }
                        ]
                      }
                    },
                    {
                      "k": "private",
                      "v": true
                    },
                    {
                      "k": "pulls_url",
                      "v": "https://api.github.com/repos/haolor/ktpm-team/pulls{/number}"
                    },
                    {
                      "k": "pushed_at",
                      "v": "2025-12-16T14:01:07Z"
                    },
                    {
                      "k": "releases_url",
                      "v": "https://api.github.com/repos/haolor/ktpm-team/releases{/id}"
                    },
                    {
                      "k": "size",
                      "v": 28100.0
                    },
                    {
                      "k": "ssh_url",
                      "v": "git@github.com:haolor/ktpm-team.git"
                    },
                    {
                      "k": "stargazers_count",
                      "v": 0.0
                    },
                    {
                      "k": "stargazers_url",
                      "v": "https://api.github.com/repos/haolor/ktpm-team/stargazers"
                    },
                    {
                      "k": "statuses_url",
                      "v": "https://api.github.com/repos/haolor/ktpm-team/statuses/{sha}"
                    },
                    {
                      "k": "subscribers_url",
                      "v": "https://api.github.com/repos/haolor/ktpm-team/subscribers"
                    },
                    {
                      "k": "subscription_url",
                      "v": "https://api.github.com/repos/haolor/ktpm-team/subscription"
                    },
                    {
                      "k": "svn_url",
                      "v": "https://github.com/haolor/ktpm-team"
                    },
                    {
                      "k": "tags_url",
                      "v": "https://api.github.com/repos/haolor/ktpm-team/tags"
                    },
                    {
                      "k": "teams_url",
                      "v": "https://api.github.com/repos/haolor/ktpm-team/teams"
                    },
                    {
                      "k": "topics",
                      "v": {
                        "t": 1
                      }
                    },
                    {
                      "k": "trees_url",
                      "v": "https://api.github.com/repos/haolor/ktpm-team/git/trees{/sha}"
                    },
                    {
                      "k": "updated_at",
                      "v": "2025-12-16T14:01:11Z"
                    },
                    {
                      "k": "url",
                      "v": "https://api.github.com/repos/haolor/ktpm-team"
                    },
                    {
                      "k": "visibility",
                      "v": "private"
                    },
                    {
                      "k": "watchers",
                      "v": 0.0
                    },
                    {
                      "k": "watchers_count",
                      "v": 0.0
                    },
                    {
                      "k": "web_commit_signoff_required",
                      "v": false
                    }
                  ]
                }
              },
              {
                "k": "sender",
                "v": {
                  "t": 2,
                  "d": [
                    {
                      "k": "avatar_url",
                      "v": "https://avatars.githubusercontent.com/u/183284959?v=4"
                    },
                    {
                      "k": "events_url",
                      "v": "https://api.github.com/users/haolor/events{/privacy}"
                    },
                    {
                      "k": "followers_url",
                      "v": "https://api.github.com/users/haolor/followers"
                    },
                    {
                      "k": "following_url",
                      "v": "https://api.github.com/users/haolor/following{/other_user}"
                    },
                    {
                      "k": "gists_url",
                      "v": "https://api.github.com/users/haolor/gists{/gist_id}"
                    },
                    {
                      "k": "gravatar_id",
                      "v": ""
                    },
                    {
                      "k": "html_url",
                      "v": "https://github.com/haolor"
                    },
                    {
                      "k": "id",
                      "v": 183284959.0
                    },
                    {
                      "k": "login",
                      "v": "haolor"
                    },
                    {
                      "k": "node_id",
                      "v": "U_kgDOCuy03w"
                    },
                    {
                      "k": "organizations_url",
                      "v": "https://api.github.com/users/haolor/orgs"
                    },
                    {
                      "k": "received_events_url",
                      "v": "https://api.github.com/users/haolor/received_events"
                    },
                    {
                      "k": "repos_url",
                      "v": "https://api.github.com/users/haolor/repos"
                    },
                    {
                      "k": "site_admin",
                      "v": false
                    },
                    {
                      "k": "starred_url",
                      "v": "https://api.github.com/users/haolor/starred{/owner}{/repo}"
                    },
                    {
                      "k": "subscriptions_url",
                      "v": "https://api.github.com/users/haolor/subscriptions"
                    },
                    {
                      "k": "type",
                      "v": "User"
                    },
                    {
                      "k": "url",
                      "v": "https://api.github.com/users/haolor"
                    },
                    {
                      "k": "user_view_type",
                      "v": "public"
                    }
                  ]
                }
              },
              {
                "k": "workflow",
                "v": ".github/workflows/cd-deploy.yml"
              }
            ]
          }
        },
        {
          "k": "workflow_ref",
          "v": "haolor/ktpm-team/.github/workflows/cd-deploy.yml@refs/heads/main"
        },
        {
          "k": "workflow_sha",
          "v": "102797109b07c37b0f00cf63c471391b736819e5"
        },
        {
          "k": "repository_id",
          "v": "1050856387"
        },
        {
          "k": "triggering_actor",
          "v": "haolor"
        }
      ]
    },
    "inputs": {
      "t": 2
    },
    "job": {
      "t": 2,
      "d": [
        {
          "k": "check_run_id",
          "v": 58205070168.0
        }
      ]
    },
    "matrix": null,
    "needs": {
      "t": 2
    },
    "strategy": {
      "t": 2,
      "d": [
        {
          "k": "fail-fast",
          "v": true
        },
        {
          "k": "job-index",
          "v": 0.0
        },
        {
          "k": "job-total",
          "v": 1.0
        },
        {
          "k": "max-parallel",
          "v": 1.0
        }
      ]
    },
    "vars": {
      "t": 2
    }
  },
  "billingOwnerId": "U_kgDOCuy03w"
}
[2025-12-16 14:03:10Z INFO JobRunner] Job ID 63a1f4b0-24df-5317-9f9f-dc5d70f16653
[2025-12-16 14:03:10Z INFO ConfigurationStore] currentAssemblyLocation: C:\Users\Admin\ktpm-team\Backend\actions-runner\bin\Runner.Worker.dll
[2025-12-16 14:03:10Z INFO HostContext] Well known directory 'Bin': 'C:\Users\Admin\ktpm-team\Backend\actions-runner\bin'
[2025-12-16 14:03:10Z INFO ConfigurationStore] binPath: C:\Users\Admin\ktpm-team\Backend\actions-runner\bin
[2025-12-16 14:03:10Z INFO HostContext] Well known directory 'Bin': 'C:\Users\Admin\ktpm-team\Backend\actions-runner\bin'
[2025-12-16 14:03:10Z INFO HostContext] Well known directory 'Root': 'C:\Users\Admin\ktpm-team\Backend\actions-runner'
[2025-12-16 14:03:10Z INFO ConfigurationStore] RootFolder: C:\Users\Admin\ktpm-team\Backend\actions-runner
[2025-12-16 14:03:10Z INFO HostContext] Well known directory 'Bin': 'C:\Users\Admin\ktpm-team\Backend\actions-runner\bin'
[2025-12-16 14:03:10Z INFO HostContext] Well known directory 'Root': 'C:\Users\Admin\ktpm-team\Backend\actions-runner'
[2025-12-16 14:03:10Z INFO HostContext] Well known config file 'Runner': 'C:\Users\Admin\ktpm-team\Backend\actions-runner\.runner'
[2025-12-16 14:03:10Z INFO ConfigurationStore] ConfigFilePath: C:\Users\Admin\ktpm-team\Backend\actions-runner\.runner
[2025-12-16 14:03:10Z INFO HostContext] Well known directory 'Bin': 'C:\Users\Admin\ktpm-team\Backend\actions-runner\bin'
[2025-12-16 14:03:10Z INFO HostContext] Well known directory 'Root': 'C:\Users\Admin\ktpm-team\Backend\actions-runner'
[2025-12-16 14:03:10Z INFO HostContext] Well known config file 'MigratedRunner': 'C:\Users\Admin\ktpm-team\Backend\actions-runner\.runner_migrated'
[2025-12-16 14:03:10Z INFO ConfigurationStore] MigratedConfigFilePath: C:\Users\Admin\ktpm-team\Backend\actions-runner\.runner_migrated
[2025-12-16 14:03:10Z INFO HostContext] Well known directory 'Bin': 'C:\Users\Admin\ktpm-team\Backend\actions-runner\bin'
[2025-12-16 14:03:10Z INFO HostContext] Well known directory 'Root': 'C:\Users\Admin\ktpm-team\Backend\actions-runner'
[2025-12-16 14:03:10Z INFO HostContext] Well known config file 'Credentials': 'C:\Users\Admin\ktpm-team\Backend\actions-runner\.credentials'
[2025-12-16 14:03:10Z INFO ConfigurationStore] CredFilePath: C:\Users\Admin\ktpm-team\Backend\actions-runner\.credentials
[2025-12-16 14:03:10Z INFO HostContext] Well known directory 'Bin': 'C:\Users\Admin\ktpm-team\Backend\actions-runner\bin'
[2025-12-16 14:03:10Z INFO HostContext] Well known directory 'Root': 'C:\Users\Admin\ktpm-team\Backend\actions-runner'
[2025-12-16 14:03:10Z INFO HostContext] Well known config file 'MigratedCredentials': 'C:\Users\Admin\ktpm-team\Backend\actions-runner\.credentials_migrated'
[2025-12-16 14:03:10Z INFO ConfigurationStore] MigratedCredFilePath: C:\Users\Admin\ktpm-team\Backend\actions-runner\.credentials_migrated
[2025-12-16 14:03:10Z INFO HostContext] Well known directory 'Bin': 'C:\Users\Admin\ktpm-team\Backend\actions-runner\bin'
[2025-12-16 14:03:10Z INFO HostContext] Well known directory 'Root': 'C:\Users\Admin\ktpm-team\Backend\actions-runner'
[2025-12-16 14:03:10Z INFO HostContext] Well known config file 'Service': 'C:\Users\Admin\ktpm-team\Backend\actions-runner\.service'
[2025-12-16 14:03:10Z INFO ConfigurationStore] ServiceConfigFilePath: C:\Users\Admin\ktpm-team\Backend\actions-runner\.service
[2025-12-16 14:03:10Z INFO ConfigurationStore] Read setting file: 394 chars
[2025-12-16 14:03:10Z INFO JobRunner] Initializing launch client
[2025-12-16 14:03:10Z INFO JobServerQueue] Initializing results client
[2025-12-16 14:03:10Z INFO ResultServer] Creating websocket client ...wss://results-receiver.actions.githubusercontent.com/_ws/ingest.sock
[2025-12-16 14:03:10Z INFO ResultServer] Attempting to start websocket client with delay 00:00:00.
[2025-12-16 14:03:10Z INFO JobServerQueue] Start process web console line queue.
[2025-12-16 14:03:10Z INFO JobServerQueue] Start process file upload queue.
[2025-12-16 14:03:10Z INFO JobServerQueue] Start results file upload queue.
[2025-12-16 14:03:10Z INFO JobServerQueue] Starting results-based upload queue...
[2025-12-16 14:03:10Z INFO JobServerQueue] Start process timeline update queue.
[2025-12-16 14:03:10Z INFO ExecutionContext] Initializing Job context
[2025-12-16 14:03:10Z INFO ExecutionContext] Initialize GitHub context
[2025-12-16 14:03:10Z INFO ExecutionContext] Initialize Env context
[2025-12-16 14:03:10Z INFO HostContext] Well known directory 'Bin': 'C:\Users\Admin\ktpm-team\Backend\actions-runner\bin'
[2025-12-16 14:03:10Z INFO HostContext] Well known directory 'Root': 'C:\Users\Admin\ktpm-team\Backend\actions-runner'
[2025-12-16 14:03:10Z INFO HostContext] Well known directory 'Diag': 'C:\Users\Admin\ktpm-team\Backend\actions-runner\_diag'
[2025-12-16 14:03:10Z INFO HostContext] Well known directory 'Bin': 'C:\Users\Admin\ktpm-team\Backend\actions-runner\bin'
[2025-12-16 14:03:10Z INFO HostContext] Well known directory 'Root': 'C:\Users\Admin\ktpm-team\Backend\actions-runner'
[2025-12-16 14:03:10Z INFO HostContext] Well known directory 'Diag': 'C:\Users\Admin\ktpm-team\Backend\actions-runner\_diag'
[2025-12-16 14:03:10Z INFO JobRunner] Starting the job execution context.
[2025-12-16 14:03:10Z INFO HostContext] Well known directory 'Bin': 'C:\Users\Admin\ktpm-team\Backend\actions-runner\bin'
[2025-12-16 14:03:10Z INFO HostContext] Well known directory 'Root': 'C:\Users\Admin\ktpm-team\Backend\actions-runner'
[2025-12-16 14:03:10Z INFO HostContext] Well known directory 'Work': 'C:\Users\Admin\ktpm-team\Backend\actions-runner\_work'
[2025-12-16 14:03:10Z INFO JobRunner] Validating directory permissions for: 'C:\Users\Admin\ktpm-team\Backend\actions-runner\_work'
[2025-12-16 14:03:10Z INFO HostContext] Well known directory 'Bin': 'C:\Users\Admin\ktpm-team\Backend\actions-runner\bin'
[2025-12-16 14:03:10Z INFO HostContext] Well known directory 'Root': 'C:\Users\Admin\ktpm-team\Backend\actions-runner'
[2025-12-16 14:03:10Z INFO HostContext] Well known directory 'Work': 'C:\Users\Admin\ktpm-team\Backend\actions-runner\_work'
[2025-12-16 14:03:10Z INFO HostContext] Well known directory 'Tools': 'C:\Users\Admin\ktpm-team\Backend\actions-runner\_work\_tool'
[2025-12-16 14:03:10Z INFO HostContext] Well known directory 'Bin': 'C:\Users\Admin\ktpm-team\Backend\actions-runner\bin'
[2025-12-16 14:03:10Z INFO HostContext] Well known directory 'Root': 'C:\Users\Admin\ktpm-team\Backend\actions-runner'
[2025-12-16 14:03:10Z INFO HostContext] Well known directory 'Work': 'C:\Users\Admin\ktpm-team\Backend\actions-runner\_work'
[2025-12-16 14:03:10Z INFO HostContext] Well known directory 'Temp': 'C:\Users\Admin\ktpm-team\Backend\actions-runner\_work\_temp'
[2025-12-16 14:03:10Z INFO JobRunner] Getting job extension.
[2025-12-16 14:03:10Z INFO JobRunner] Initialize job. Getting all job steps.
[2025-12-16 14:03:10Z INFO HostContext] Well known directory 'Bin': 'C:\Users\Admin\ktpm-team\Backend\actions-runner\bin'
[2025-12-16 14:03:10Z INFO HostContext] Well known directory 'Root': 'C:\Users\Admin\ktpm-team\Backend\actions-runner'
[2025-12-16 14:03:10Z INFO HostContext] Well known directory 'Diag': 'C:\Users\Admin\ktpm-team\Backend\actions-runner\_diag'
[2025-12-16 14:03:10Z INFO HostContext] Well known directory 'Bin': 'C:\Users\Admin\ktpm-team\Backend\actions-runner\bin'
[2025-12-16 14:03:10Z INFO HostContext] Well known directory 'Root': 'C:\Users\Admin\ktpm-team\Backend\actions-runner'
[2025-12-16 14:03:10Z INFO HostContext] Well known directory 'Diag': 'C:\Users\Admin\ktpm-team\Backend\actions-runner\_diag'
[2025-12-16 14:03:10Z INFO HostContext] Well known directory 'Bin': 'C:\Users\Admin\ktpm-team\Backend\actions-runner\bin'
[2025-12-16 14:03:10Z INFO HostContext] Well known directory 'Root': 'C:\Users\Admin\ktpm-team\Backend\actions-runner'
[2025-12-16 14:03:10Z INFO HostContext] Well known config file 'Credentials': 'C:\Users\Admin\ktpm-team\Backend\actions-runner\.credentials'
[2025-12-16 14:03:10Z INFO HostContext] Well known directory 'Bin': 'C:\Users\Admin\ktpm-team\Backend\actions-runner\bin'
[2025-12-16 14:03:10Z INFO HostContext] Well known directory 'Root': 'C:\Users\Admin\ktpm-team\Backend\actions-runner'
[2025-12-16 14:03:10Z INFO HostContext] Well known config file 'SetupInfo': 'C:\Users\Admin\ktpm-team\Backend\actions-runner\.setup_info'
[2025-12-16 14:03:10Z INFO HostContext] Well known directory 'Bin': 'C:\Users\Admin\ktpm-team\Backend\actions-runner\bin'
[2025-12-16 14:03:10Z INFO HostContext] Well known directory 'Root': 'C:\Users\Admin\ktpm-team\Backend\actions-runner'
[2025-12-16 14:03:10Z INFO HostContext] Well known directory 'Work': 'C:\Users\Admin\ktpm-team\Backend\actions-runner\_work'
[2025-12-16 14:03:10Z INFO PipelineDirectoryManager] Loading tracking config if exists: C:\Users\Admin\ktpm-team\Backend\actions-runner\_work\_PipelineMapping\haolor/ktpm-team\PipelineFolder.json
[2025-12-16 14:03:10Z INFO PipelineDirectoryManager] Updating job run properties.
[2025-12-16 14:03:10Z INFO HostContext] Well known directory 'Bin': 'C:\Users\Admin\ktpm-team\Backend\actions-runner\bin'
[2025-12-16 14:03:10Z INFO HostContext] Well known directory 'Root': 'C:\Users\Admin\ktpm-team\Backend\actions-runner'
[2025-12-16 14:03:10Z INFO HostContext] Well known directory 'Work': 'C:\Users\Admin\ktpm-team\Backend\actions-runner\_work'
[2025-12-16 14:03:10Z INFO HostContext] Well known directory 'Bin': 'C:\Users\Admin\ktpm-team\Backend\actions-runner\bin'
[2025-12-16 14:03:10Z INFO HostContext] Well known directory 'Root': 'C:\Users\Admin\ktpm-team\Backend\actions-runner'
[2025-12-16 14:03:10Z INFO HostContext] Well known directory 'Work': 'C:\Users\Admin\ktpm-team\Backend\actions-runner\_work'
[2025-12-16 14:03:10Z INFO HostContext] Well known directory 'Bin': 'C:\Users\Admin\ktpm-team\Backend\actions-runner\bin'
[2025-12-16 14:03:10Z INFO HostContext] Well known directory 'Root': 'C:\Users\Admin\ktpm-team\Backend\actions-runner'
[2025-12-16 14:03:10Z INFO HostContext] Well known directory 'Work': 'C:\Users\Admin\ktpm-team\Backend\actions-runner\_work'
[2025-12-16 14:03:10Z INFO JobExtension] Downloading actions
[2025-12-16 14:03:10Z INFO HostContext] Well known directory 'Bin': 'C:\Users\Admin\ktpm-team\Backend\actions-runner\bin'
[2025-12-16 14:03:10Z INFO HostContext] Well known directory 'Root': 'C:\Users\Admin\ktpm-team\Backend\actions-runner'
[2025-12-16 14:03:10Z INFO HostContext] Well known directory 'Work': 'C:\Users\Admin\ktpm-team\Backend\actions-runner\_work'
[2025-12-16 14:03:10Z INFO HostContext] Well known directory 'Actions': 'C:\Users\Admin\ktpm-team\Backend\actions-runner\_work\_actions'
[2025-12-16 14:03:10Z INFO JobExtension] Adding .
[2025-12-16 14:03:10Z INFO HostContext] Well known directory 'Bin': 'C:\Users\Admin\ktpm-team\Backend\actions-runner\bin'
[2025-12-16 14:03:10Z INFO HostContext] Well known directory 'Root': 'C:\Users\Admin\ktpm-team\Backend\actions-runner'
[2025-12-16 14:03:10Z INFO HostContext] Well known directory 'Diag': 'C:\Users\Admin\ktpm-team\Backend\actions-runner\_diag'
[2025-12-16 14:03:10Z INFO HostContext] Well known directory 'Bin': 'C:\Users\Admin\ktpm-team\Backend\actions-runner\bin'
[2025-12-16 14:03:10Z INFO HostContext] Well known directory 'Root': 'C:\Users\Admin\ktpm-team\Backend\actions-runner'
[2025-12-16 14:03:10Z INFO HostContext] Well known directory 'Diag': 'C:\Users\Admin\ktpm-team\Backend\actions-runner\_diag'
[2025-12-16 14:03:10Z INFO JobExtension] Total accessible running process: 371.
[2025-12-16 14:03:10Z INFO HostContext] Well known directory 'Bin': 'C:\Users\Admin\ktpm-team\Backend\actions-runner\bin'
[2025-12-16 14:03:10Z INFO HostContext] Well known directory 'Root': 'C:\Users\Admin\ktpm-team\Backend\actions-runner'
[2025-12-16 14:03:10Z INFO HostContext] Well known directory 'Work': 'C:\Users\Admin\ktpm-team\Backend\actions-runner\_work'
[2025-12-16 14:03:10Z INFO JobExtension] Start checking service connectivity in background.
[2025-12-16 14:03:10Z INFO ExecutionContext] Publish step telemetry for current step {
  "action": "setup_job",
  "type": "runner",
  "stage": "Pre",
  "stepId": "acefb93c-4e79-4d5b-aa68-2bd4737b06ec",
  "result": "succeeded",
  "errorMessages": [],
  "executionTimeInSeconds": 1,
  "startTime": "2025-12-16T14:03:10.2552015Z",
  "finishTime": "2025-12-16T14:03:10.3195914Z"
}.
[2025-12-16 14:03:10Z INFO JobRunner] Total job steps: 1.
[2025-12-16 14:03:10Z INFO JobRunner] Run all job steps.
[2025-12-16 14:03:10Z INFO StepsRunner] Processing step: DisplayName='Pull & Run Docker Image'
[2025-12-16 14:03:10Z INFO StepsRunner] Evaluating: success()
[2025-12-16 14:03:10Z INFO StepsRunner] Result: true
[2025-12-16 14:03:10Z INFO StepsRunner] Starting the step.
[2025-12-16 14:03:10Z INFO HostContext] Well known directory 'Bin': 'C:\Users\Admin\ktpm-team\Backend\actions-runner\bin'
[2025-12-16 14:03:10Z INFO HostContext] Well known directory 'Root': 'C:\Users\Admin\ktpm-team\Backend\actions-runner'
[2025-12-16 14:03:10Z INFO HostContext] Well known directory 'Work': 'C:\Users\Admin\ktpm-team\Backend\actions-runner\_work'
[2025-12-16 14:03:10Z INFO StepsRunner] Which2: 'chcp'
[2025-12-16 14:03:10Z INFO StepsRunner] Location: 'C:\WINDOWS\system32\chcp.COM'
[2025-12-16 14:03:10Z INFO ProcessInvokerWrapper] Starting process:
[2025-12-16 14:03:10Z INFO ProcessInvokerWrapper]   File name: 'C:\WINDOWS\system32\chcp.COM'
[2025-12-16 14:03:10Z INFO ProcessInvokerWrapper]   Arguments: '65001'
[2025-12-16 14:03:10Z INFO ProcessInvokerWrapper]   Working directory: 'C:\Users\Admin\ktpm-team\Backend\actions-runner\_work'
[2025-12-16 14:03:10Z INFO ProcessInvokerWrapper]   Require exit code zero: 'False'
[2025-12-16 14:03:10Z INFO ProcessInvokerWrapper]   Encoding web name:  ; code page: ''
[2025-12-16 14:03:10Z INFO ProcessInvokerWrapper]   Force kill process on cancellation: 'False'
[2025-12-16 14:03:10Z INFO ProcessInvokerWrapper]   Redirected STDIN: 'False'
[2025-12-16 14:03:10Z INFO ProcessInvokerWrapper]   Persist current code page: 'True'
[2025-12-16 14:03:10Z INFO ProcessInvokerWrapper]   Keep redirected STDIN open: 'False'
[2025-12-16 14:03:10Z INFO ProcessInvokerWrapper]   High priority process: 'False'
[2025-12-16 14:03:10Z INFO ProcessInvokerWrapper] Process started with process id 30256, waiting for process exit.
[2025-12-16 14:03:10Z INFO Worker] Listening for cancel message from the channel.
[2025-12-16 14:03:10Z INFO Worker] Waiting for the job to complete or for a cancel message from the channel.
[2025-12-16 14:03:10Z INFO ProcessInvokerWrapper] STDOUT/STDERR stream read finished.
[2025-12-16 14:03:10Z INFO ProcessInvokerWrapper] STDOUT/STDERR stream read finished.
[2025-12-16 14:03:10Z INFO ProcessInvokerWrapper] Finished process 30256 with exit code 0, and elapsed time 00:00:00.0112161.
[2025-12-16 14:03:10Z INFO StepsRunner] Successfully returned to code page 65001 (UTF8)
[2025-12-16 14:03:10Z INFO HostContext] Well known directory 'Bin': 'C:\Users\Admin\ktpm-team\Backend\actions-runner\bin'
[2025-12-16 14:03:10Z INFO HostContext] Well known directory 'Root': 'C:\Users\Admin\ktpm-team\Backend\actions-runner'
[2025-12-16 14:03:10Z INFO HostContext] Well known directory 'Work': 'C:\Users\Admin\ktpm-team\Backend\actions-runner\_work'
[2025-12-16 14:03:10Z INFO HostContext] Well known directory 'Temp': 'C:\Users\Admin\ktpm-team\Backend\actions-runner\_work\_temp'
[2025-12-16 14:03:10Z INFO ExecutionContext] Write event payload to C:\Users\Admin\ktpm-team\Backend\actions-runner\_work\_temp\_github_workflow\event.json
[2025-12-16 14:03:10Z INFO HostContext] Well known directory 'Bin': 'C:\Users\Admin\ktpm-team\Backend\actions-runner\bin'
[2025-12-16 14:03:10Z INFO HostContext] Well known directory 'Root': 'C:\Users\Admin\ktpm-team\Backend\actions-runner'
[2025-12-16 14:03:10Z INFO HostContext] Well known directory 'Work': 'C:\Users\Admin\ktpm-team\Backend\actions-runner\_work'
[2025-12-16 14:03:10Z INFO HostContext] Well known directory 'Temp': 'C:\Users\Admin\ktpm-team\Backend\actions-runner\_work\_temp'
[2025-12-16 14:03:10Z INFO ExtensionManager] Getting extensions for interface: 'GitHub.Runner.Worker.IFileCommandExtension'
[2025-12-16 14:03:10Z INFO ExtensionManager] Creating instance: GitHub.Runner.Worker.AddPathFileCommand, Runner.Worker
[2025-12-16 14:03:10Z INFO ExtensionManager] Creating instance: GitHub.Runner.Worker.SetEnvFileCommand, Runner.Worker
[2025-12-16 14:03:10Z INFO ExtensionManager] Creating instance: GitHub.Runner.Worker.CreateStepSummaryCommand, Runner.Worker
[2025-12-16 14:03:10Z INFO ExtensionManager] Creating instance: GitHub.Runner.Worker.SaveStateFileCommand, Runner.Worker
[2025-12-16 14:03:10Z INFO ExtensionManager] Creating instance: GitHub.Runner.Worker.SetOutputFileCommand, Runner.Worker
[2025-12-16 14:03:10Z INFO ExtensionManager] Getting extensions for interface: 'GitHub.Runner.Worker.IActionCommandExtension'
[2025-12-16 14:03:10Z INFO ExtensionManager] Creating instance: GitHub.Runner.Worker.InternalPluginSetRepoPathCommandExtension, Runner.Worker
[2025-12-16 14:03:10Z INFO ExtensionManager] Creating instance: GitHub.Runner.Worker.SetEnvCommandExtension, Runner.Worker
[2025-12-16 14:03:10Z INFO ExtensionManager] Creating instance: GitHub.Runner.Worker.SetOutputCommandExtension, Runner.Worker
[2025-12-16 14:03:10Z INFO ExtensionManager] Creating instance: GitHub.Runner.Worker.SaveStateCommandExtension, Runner.Worker
[2025-12-16 14:03:10Z INFO ExtensionManager] Creating instance: GitHub.Runner.Worker.AddPathCommandExtension, Runner.Worker
[2025-12-16 14:03:10Z INFO ExtensionManager] Creating instance: GitHub.Runner.Worker.AddMaskCommandExtension, Runner.Worker
[2025-12-16 14:03:10Z INFO ExtensionManager] Creating instance: GitHub.Runner.Worker.AddMatcherCommandExtension, Runner.Worker
[2025-12-16 14:03:10Z INFO ExtensionManager] Creating instance: GitHub.Runner.Worker.RemoveMatcherCommandExtension, Runner.Worker
[2025-12-16 14:03:10Z INFO ExtensionManager] Creating instance: GitHub.Runner.Worker.WarningCommandExtension, Runner.Worker
[2025-12-16 14:03:10Z INFO ExtensionManager] Creating instance: GitHub.Runner.Worker.ErrorCommandExtension, Runner.Worker
[2025-12-16 14:03:10Z INFO ExtensionManager] Creating instance: GitHub.Runner.Worker.NoticeCommandExtension, Runner.Worker
[2025-12-16 14:03:10Z INFO ExtensionManager] Creating instance: GitHub.Runner.Worker.DebugCommandExtension, Runner.Worker
[2025-12-16 14:03:10Z INFO ExtensionManager] Creating instance: GitHub.Runner.Worker.GroupCommandExtension, Runner.Worker
[2025-12-16 14:03:10Z INFO ExtensionManager] Creating instance: GitHub.Runner.Worker.EndGroupCommandExtension, Runner.Worker
[2025-12-16 14:03:10Z INFO ExtensionManager] Creating instance: GitHub.Runner.Worker.EchoCommandExtension, Runner.Worker
[2025-12-16 14:03:10Z INFO ActionCommandManager] Register action command extension for command internal-set-repo-path
[2025-12-16 14:03:10Z INFO ActionCommandManager] Register action command extension for command set-env
[2025-12-16 14:03:10Z INFO ActionCommandManager] Register action command extension for command set-output
[2025-12-16 14:03:10Z INFO ActionCommandManager] Register action command extension for command save-state
[2025-12-16 14:03:10Z INFO ActionCommandManager] Register action command extension for command add-path
[2025-12-16 14:03:10Z INFO ActionCommandManager] Register action command extension for command add-mask
[2025-12-16 14:03:10Z INFO ActionCommandManager] Register action command extension for command add-matcher
[2025-12-16 14:03:10Z INFO ActionCommandManager] Register action command extension for command remove-matcher
[2025-12-16 14:03:10Z INFO ActionCommandManager] Register action command extension for command warning
[2025-12-16 14:03:10Z INFO ActionCommandManager] Register action command extension for command error
[2025-12-16 14:03:10Z INFO ActionCommandManager] Register action command extension for command notice
[2025-12-16 14:03:10Z INFO ActionCommandManager] Register action command extension for command debug
[2025-12-16 14:03:10Z INFO ActionCommandManager] Register action command extension for command group
[2025-12-16 14:03:10Z INFO ActionCommandManager] Register action command extension for command endgroup
[2025-12-16 14:03:10Z INFO ActionCommandManager] Register action command extension for command echo
[2025-12-16 14:03:10Z INFO ScriptHandler] Which2: 'pwsh'
[2025-12-16 14:03:10Z INFO ScriptHandler] pwsh: command not found. Make sure 'pwsh' is installed and its location included in the 'Path' environment variable.
[2025-12-16 14:03:10Z INFO ScriptHandler] Defaulting to powershell
[2025-12-16 14:03:10Z INFO ScriptHandler] Which2: 'powershell'
[2025-12-16 14:03:10Z INFO ScriptHandler] Location: 'C:\WINDOWS\System32\WindowsPowerShell\v1.0\powershell.EXE'
[2025-12-16 14:03:10Z INFO HostContext] Well known directory 'Bin': 'C:\Users\Admin\ktpm-team\Backend\actions-runner\bin'
[2025-12-16 14:03:10Z INFO HostContext] Well known directory 'Root': 'C:\Users\Admin\ktpm-team\Backend\actions-runner'
[2025-12-16 14:03:10Z INFO HostContext] Well known directory 'Work': 'C:\Users\Admin\ktpm-team\Backend\actions-runner\_work'
[2025-12-16 14:03:10Z INFO HostContext] Well known directory 'Temp': 'C:\Users\Admin\ktpm-team\Backend\actions-runner\_work\_temp'
[2025-12-16 14:03:10Z INFO ScriptHandler] Which2: 'pwsh'
[2025-12-16 14:03:10Z INFO ScriptHandler] pwsh: command not found. Make sure 'pwsh' is installed and its location included in the 'Path' environment variable.
[2025-12-16 14:03:10Z INFO ScriptHandler] Defaulting to powershell
[2025-12-16 14:03:10Z INFO ScriptHandler] Which2: 'powershell'
[2025-12-16 14:03:10Z INFO ScriptHandler] Location: 'C:\WINDOWS\System32\WindowsPowerShell\v1.0\powershell.EXE'
[2025-12-16 14:03:10Z INFO ProcessInvokerWrapper] Starting process:
[2025-12-16 14:03:10Z INFO ProcessInvokerWrapper]   File name: 'C:\WINDOWS\System32\WindowsPowerShell\v1.0\powershell.EXE'
[2025-12-16 14:03:10Z INFO ProcessInvokerWrapper]   Arguments: '-command ". 'C:\Users\Admin\ktpm-team\Backend\actions-runner\_work\_temp\3cf9dde1-29f9-4d2d-a7cf-395684a8d837.ps1'"'
[2025-12-16 14:03:10Z INFO ProcessInvokerWrapper]   Working directory: 'C:\Users\Admin\ktpm-team\Backend\actions-runner\_work\ktpm-team\ktpm-team'
[2025-12-16 14:03:10Z INFO ProcessInvokerWrapper]   Require exit code zero: 'False'
[2025-12-16 14:03:10Z INFO ProcessInvokerWrapper]   Encoding web name:  ; code page: ''
[2025-12-16 14:03:10Z INFO ProcessInvokerWrapper]   Force kill process on cancellation: 'False'
[2025-12-16 14:03:10Z INFO ProcessInvokerWrapper]   Redirected STDIN: 'False'
[2025-12-16 14:03:10Z INFO ProcessInvokerWrapper]   Persist current code page: 'True'
[2025-12-16 14:03:10Z INFO ProcessInvokerWrapper]   Keep redirected STDIN open: 'False'
[2025-12-16 14:03:10Z INFO ProcessInvokerWrapper]   High priority process: 'False'
[2025-12-16 14:03:10Z INFO ProcessInvokerWrapper] Process started with process id 14708, waiting for process exit.
[2025-12-16 14:03:11Z INFO ResultServer] Successfully started websocket client.
[2025-12-16 14:03:11Z INFO JobServerQueue] Try to append 1 batches web console lines for record 'acefb93c-4e79-4d5b-aa68-2bd4737b06ec', success rate: 1/1.
[2025-12-16 14:03:11Z INFO JobServerQueue] Try to append 1 batches web console lines for record '8dd21c74-165a-47a7-a07d-92f37360f50f', success rate: 1/1.
[2025-12-16 14:03:11Z INFO JobServerQueue] Got a step log file to send to results service.
[2025-12-16 14:03:11Z INFO JobServerQueue] Starting upload of step log file to results service ResultsLog, C:\Users\Admin\ktpm-team\Backend\actions-runner\_diag\blocks\88fb9c85-010b-4762-bb6e-dd8350813189_acefb93c-4e79-4d5b-aa68-2bd4737b06ec.1
[2025-12-16 14:03:11Z INFO JobServerQueue] Try to upload 1 log files or attachments, success rate: 1/1.
[2025-12-16 14:03:11Z INFO JobServerQueue] Job timeline record has been updated for the first time.
[2025-12-16 14:03:12Z INFO JobServerQueue] Try to append 1 batches web console lines for record '8dd21c74-165a-47a7-a07d-92f37360f50f', success rate: 1/1.
[2025-12-16 14:03:13Z INFO JobServerQueue] Tried to upload 1 file(s) to results, success rate: 1/1.
[2025-12-16 14:03:15Z INFO JobServerQueue] Try to append 1 batches web console lines for record '8dd21c74-165a-47a7-a07d-92f37360f50f', success rate: 1/1.
[2025-12-16 14:03:16Z INFO JobServerQueue] Try to append 1 batches web console lines for record '8dd21c74-165a-47a7-a07d-92f37360f50f', success rate: 1/1.
[2025-12-16 14:03:17Z INFO JobServerQueue] Try to append 1 batches web console lines for record '8dd21c74-165a-47a7-a07d-92f37360f50f', success rate: 1/1.
[2025-12-16 14:03:19Z INFO JobServerQueue] Try to append 1 batches web console lines for record '8dd21c74-165a-47a7-a07d-92f37360f50f', success rate: 1/1.
[2025-12-16 14:03:19Z INFO JobServerQueue] Try to append 1 batches web console lines for record '8dd21c74-165a-47a7-a07d-92f37360f50f', success rate: 1/1.
[2025-12-16 14:03:19Z INFO ProcessInvokerWrapper] STDOUT/STDERR stream read finished.
[2025-12-16 14:03:19Z INFO ProcessInvokerWrapper] STDOUT/STDERR stream read finished.
[2025-12-16 14:03:19Z INFO ProcessInvokerWrapper] Finished process 14708 with exit code 1, and elapsed time 00:00:09.1688388.
[2025-12-16 14:03:19Z INFO CreateStepSummaryCommand] Step Summary file (C:\Users\Admin\ktpm-team\Backend\actions-runner\_work\_temp\_runner_file_commands\step_summary_76bd053e-26e6-4397-9469-a1807bf1c18e) is empty; skipping attachment upload
[2025-12-16 14:03:19Z INFO StepsRunner] Step result: Failed
[2025-12-16 14:03:19Z INFO ExecutionContext] Publish step telemetry for current step {
  "action": "powershell",
  "type": "run",
  "stage": "Main",
  "stepId": "8dd21c74-165a-47a7-a07d-92f37360f50f",
  "stepContextName": "__run",
  "result": "failed",
  "errorMessages": [
    "Process completed with exit code 1."
  ],
  "executionTimeInSeconds": 10,
  "startTime": "2025-12-16T14:03:10.3289566Z",
  "finishTime": "2025-12-16T14:03:19.5874444Z"
}.
[2025-12-16 14:03:19Z INFO StepsRunner] Update job result with current step result 'Failed'.
[2025-12-16 14:03:19Z INFO StepsRunner] Current state: job state = 'Failed'
[2025-12-16 14:03:19Z INFO JobRunner] Finalize job.
[2025-12-16 14:03:19Z INFO HostContext] Well known directory 'Bin': 'C:\Users\Admin\ktpm-team\Backend\actions-runner\bin'
[2025-12-16 14:03:19Z INFO HostContext] Well known directory 'Root': 'C:\Users\Admin\ktpm-team\Backend\actions-runner'
[2025-12-16 14:03:19Z INFO HostContext] Well known directory 'Diag': 'C:\Users\Admin\ktpm-team\Backend\actions-runner\_diag'
[2025-12-16 14:03:19Z INFO HostContext] Well known directory 'Bin': 'C:\Users\Admin\ktpm-team\Backend\actions-runner\bin'
[2025-12-16 14:03:19Z INFO HostContext] Well known directory 'Root': 'C:\Users\Admin\ktpm-team\Backend\actions-runner'
[2025-12-16 14:03:19Z INFO HostContext] Well known directory 'Diag': 'C:\Users\Admin\ktpm-team\Backend\actions-runner\_diag'
[2025-12-16 14:03:19Z INFO JobExtension] Initialize Env context
[2025-12-16 14:03:19Z INFO JobExtension] Initialize steps context
[2025-12-16 14:03:19Z INFO JobExtension] Total accessible running process: 371.
[2025-12-16 14:03:19Z INFO JobServerQueue] Try to append 1 batches web console lines for record '8dd21c74-165a-47a7-a07d-92f37360f50f', success rate: 1/1.
[2025-12-16 14:03:19Z INFO JobServerQueue] Try to append 1 batches web console lines for record 'd6ae1348-c1e6-4580-8b82-eab182edfc81', success rate: 1/1.
[2025-12-16 14:03:19Z INFO ExecutionContext] Publish step telemetry for current step {
  "action": "complete_job",
  "type": "runner",
  "stage": "Post",
  "stepId": "d6ae1348-c1e6-4580-8b82-eab182edfc81",
  "result": "succeeded",
  "errorMessages": [],
  "executionTimeInSeconds": 1,
  "startTime": "2025-12-16T14:03:19.5940967Z",
  "finishTime": "2025-12-16T14:03:19.6100623Z"
}.
[2025-12-16 14:03:19Z INFO JobRunner] Job result after all job steps finish: Failed
[2025-12-16 14:03:19Z INFO JobRunner] Completing the job execution context.
[2025-12-16 14:03:19Z INFO JobRunner] Shutting down the job server queue.
[2025-12-16 14:03:19Z INFO JobServerQueue] Fire signal to shutdown all queues.
[2025-12-16 14:03:20Z INFO JobServerQueue] All queue process task stopped.
[2025-12-16 14:03:20Z INFO JobServerQueue] Web console line queue drained.
[2025-12-16 14:03:20Z INFO JobServerQueue] Uploading 3 files in one shot.
[2025-12-16 14:03:20Z INFO JobServerQueue] Try to upload 3 log files or attachments, success rate: 3/3.
[2025-12-16 14:03:20Z INFO JobServerQueue] File upload queue drained.
[2025-12-16 14:03:20Z INFO JobServerQueue] Starting results-based upload queue...
[2025-12-16 14:03:20Z INFO JobServerQueue] Uploading 3 file(s) in one shot through results service.
[2025-12-16 14:03:20Z INFO JobServerQueue] Got a step log file to send to results service.
[2025-12-16 14:03:20Z INFO JobServerQueue] Starting upload of step log file to results service ResultsLog, C:\Users\Admin\ktpm-team\Backend\actions-runner\_diag\blocks\88fb9c85-010b-4762-bb6e-dd8350813189_8dd21c74-165a-47a7-a07d-92f37360f50f.1
[2025-12-16 14:03:21Z INFO JobServerQueue] Got a step log file to send to results service.
[2025-12-16 14:03:21Z INFO JobServerQueue] Starting upload of step log file to results service ResultsLog, C:\Users\Admin\ktpm-team\Backend\actions-runner\_diag\blocks\88fb9c85-010b-4762-bb6e-dd8350813189_d6ae1348-c1e6-4580-8b82-eab182edfc81.1
[2025-12-16 14:03:22Z INFO JobServerQueue] Got a job log file to send to results service.
[2025-12-16 14:03:22Z INFO JobServerQueue] Starting upload of job log file to results service ResultsLog, C:\Users\Admin\ktpm-team\Backend\actions-runner\_diag\blocks\88fb9c85-010b-4762-bb6e-dd8350813189_63a1f4b0-24df-5317-9f9f-dc5d70f16653.1
[2025-12-16 14:03:23Z INFO JobServerQueue] Tried to upload 3 file(s) to results, success rate: 3/3.
[2025-12-16 14:03:23Z INFO JobServerQueue] Results upload queue drained.
[2025-12-16 14:03:23Z INFO JobServerQueue] Timeline update queue drained.
[2025-12-16 14:03:23Z INFO JobServerQueue] Disposing job server ...
[2025-12-16 14:03:23Z INFO JobServerQueue] Disposing results server ...
[2025-12-16 14:03:23Z INFO JobServerQueue] All queue process tasks have been stopped, and all queues are drained.
[2025-12-16 14:03:23Z INFO TempDirectoryManager] Cleaning runner temp folder: C:\Users\Admin\ktpm-team\Backend\actions-runner\_work\_temp
[2025-12-16 14:03:23Z INFO HostContext] Well known directory 'Bin': 'C:\Users\Admin\ktpm-team\Backend\actions-runner\bin'
[2025-12-16 14:03:23Z INFO HostContext] Well known directory 'Root': 'C:\Users\Admin\ktpm-team\Backend\actions-runner'
[2025-12-16 14:03:23Z INFO HostContext] Well known directory 'Diag': 'C:\Users\Admin\ktpm-team\Backend\actions-runner\_diag'
[2025-12-16 14:03:23Z INFO HostContext] Well known config file 'Telemetry': 'C:\Users\Admin\ktpm-team\Backend\actions-runner\_diag\.telemetry'
[2025-12-16 14:03:23Z INFO JobRunner] Raising job completed against run service
[2025-12-16 14:03:24Z INFO Worker] Job completed.
